#
# A fatal error has been detected by the Java Runtime Environment:
#
#  EXCEPTION_ACCESS_VIOLATION (0xc0000005) at pc=0x000000000000b47c, pid=19692, tid=16656
#
# JRE version: Java(TM) SE Runtime Environment (18.0.2+9) (build 18.0.2+9-61)
# Java VM: Java HotSpot(TM) 64-Bit Server VM (18.0.2+9-61, mixed mode, sharing, tiered, compressed oops, compressed class ptrs, g1 gc, windows-amd64)
# Problematic frame:
# C  0x000000000000b47c
#
# No core dump will be written. Minidumps are not enabled by default on client versions of Windows
#
# If you would like to submit a bug report, please visit:
#   https://bugreport.java.com/bugreport/crash.jsp
# The crash happened outside the Java Virtual Machine in native code.
# See problematic frame for where to report the bug.
#

---------------  S U M M A R Y ------------

Command Line: -Djava.library.path=H:\Moona\cpp -Dfile.encoding=UTF-8 -XX:+ShowCodeDetailsInExceptionMessages test.Test

Host: Intel(R) Core(TM) i5-9400F CPU @ 2.90GHz, 6 cores, 15G,  Windows 10 , 64 bit Build 19041 (10.0.19041.2546)
Time: Wed Mar 22 20:53:41 2023 ora solare Europa occidentale elapsed time: 0.054966 seconds (0d 0h 0m 0s)

---------------  T H R E A D  ---------------

Current thread (0x0000021c5db52300):  JavaThread "main" [_thread_in_native, id=16656, stack(0x00000068c5f00000,0x00000068c6000000)]

Stack: [0x00000068c5f00000,0x00000068c6000000],  sp=0x00000068c5fff378,  free space=1020k
Native frames: (J=compiled Java code, j=interpreted, Vv=VM code, C=native code)
C  0x000000000000b47c

Java frames: (J=compiled Java code, j=interpreted, Vv=VM code)
j  moonaframework.base.Moona.nativeInit()V+0
j  moonaframework.base.Moona.init()V+19
j  test.Test.main([Ljava/lang/String;)V+0
v  ~StubRoutines::call_stub

siginfo: EXCEPTION_ACCESS_VIOLATION (0xc0000005), data execution prevention violation at address 0x000000000000b47c


Register to memory mapping:

RIP=0x000000000000b47c is an unknown value
RAX=0x00007ff62627b278 Moona.dll
RBX={method} {0x0000021c02c00f70} 'nativeInit' '()V' in 'moonaframework/base/Moona'
RCX=0x00007ff62627b278 Moona.dll
RDX=0x0000000000000001 is an unknown value
RSP=0x00000068c5fff378 is pointing into the stack for thread: 0x0000021c5db52300
RBP=0x00000068c5fff3a0 is pointing into the stack for thread: 0x0000021c5db52300
RSI=0x0000000000000110 is an unknown value
RDI=0x0000000000000843 is an unknown value
R8 =0x0000000000000002 is an unknown value
R9 =0x0000000000000002 is an unknown value
R10=0x0000021c66c6d5f2 is at code_begin+946 in an Interpreter codelet
method entry point (kind = native)  [0x0000021c66c6d240, 0x0000021c66c6dbc0]  2432 bytes
R11=0x00000007112fb4d0 is an oop: java.lang.Class 
{0x00000007112fb4d0} - klass: 'java/lang/Class'
 - ---- fields (total size 19 words):
 - private volatile transient 'classRedefinedCount' 'I' @12  0
 - abstract internal 'klass' 'J' @16  34372323824 (c009f0 8)
 - abstract internal 'array_klass' 'J' @24  0 (0 0)
 - abstract internal 'oop_size' 'I' @32  19 (13)
 - abstract internal 'static_oop_field_count' 'I' @36  8
 - private volatile transient 'cachedConstructor' 'Ljava/lang/reflect/Constructor;' @40  NULL (0)
 - private transient 'name' 'Ljava/lang/String;' @44  "moonaframework.base.Moona"{0x00000007112fb578} (e225f6af)
 - private transient 'module' 'Ljava/lang/Module;' @48  a 'java/lang/Module'{0x00000007112610b8} (e224c217)
 - private final 'classLoader' 'Ljava/lang/ClassLoader;' @52  a 'jdk/internal/loader/ClassLoaders$AppClassLoader'{0x0000000711260ef8} (e224c1df)
 - private transient 'classData' 'Ljava/lang/Object;' @56  NULL (0)
 - private transient 'packageName' 'Ljava/lang/String;' @60  "moonaframework.base"{0x00000007112f8e10} (e225f1c2)
 - private final 'componentType' 'Ljava/lang/Class;' @64  NULL (0)
 - private volatile transient 'reflectionData' 'Ljava/lang/ref/SoftReference;' @68  NULL (0)
 - private volatile transient 'genericInfo' 'Lsun/reflect/generics/repository/ClassRepository;' @72  NULL (0)
 - private volatile transient 'enumConstants' '[Ljava/lang/Object;' @76  NULL (0)
 - private volatile transient 'enumConstantDirectory' 'Ljava/util/Map;' @80  NULL (0)
 - private volatile transient 'annotationData' 'Ljava/lang/Class$AnnotationData;' @84  NULL (0)
 - private volatile transient 'annotationType' 'Lsun/reflect/annotation/AnnotationType;' @88  NULL (0)
 - transient 'classValueMap' 'Ljava/lang/ClassValue$ClassValueMap;' @92  NULL (0)
 - abstract internal 'protection_domain' 'Ljava/lang/Object;' @96  a 'java/security/ProtectionDomain'{0x00000007112f7f30} (e225efe6)
 - abstract internal 'signers_name' 'Ljava/lang/Object;' @100  NULL (0)
 - abstract internal 'source_file' 'Ljava/lang/Object;' @104  NULL (0)
 - signature: Lmoonaframework/base/Moona;
 - ---- static fields (8):
 - static final 'elements' 'Ljava/util/List;' @112  a 'java/util/ArrayList'{0x00000007112fd138} (e225fa27)
 - static 'isOn' 'Z' @144  false
 - public static final 'autoReflections' 'Lmoonaframework/base/Setting;' @116  a 'moonaframework/base/Setting'{0x0000000711301380} (e2260270)
 - public static final 'autoDeriveReferences' 'Lmoonaframework/base/Setting;' @120  a 'moonaframework/base/Setting'{0x0000000711301610} (e22602c2)
 - public static final 'deriveWhenInitialized' 'Lmoonaframework/base/Setting;' @124  a 'moonaframework/base/Setting'{0x0000000711301640} (e22602c8)
 - public static final 'loadReflections' 'Lmoonaframework/base/Setting;' @128  a 'moonaframework/base/Setting'{0x0000000711301670} (e22602ce)
 - public static final 'unsafeReflectionLoading' 'Lmoonaframework/base/Setting;' @132  a 'moonaframework/base/Setting'{0x0000000711301698} (e22602d3)
 - private static final 'libraries' 'Ljava/util/List;' @136  a 'java/util/ArrayList'{0x00000007113016c8} (e22602d9)
 - private static 'idCounter' 'Ljava/util/concurrent/atomic/AtomicLong;' @140  a 'java/util/concurrent/atomic/AtomicLong'{0x0000000711301860} (e226030c)
R12=0x0 is NULL
R13={method} {0x0000021c02c00f70} 'nativeInit' '()V' in 'moonaframework/base/Moona'
R14=0x00000068c5fff430 is pointing into the stack for thread: 0x0000021c5db52300
R15=0x0000021c5db52300 is a thread


Registers:
RAX=0x00007ff62627b278, RBX=0x0000021c02c00f68, RCX=0x00007ff62627b278, RDX=0x0000000000000001
RSP=0x00000068c5fff378, RBP=0x00000068c5fff3a0, RSI=0x0000000000000110, RDI=0x0000000000000843
R8 =0x0000000000000002, R9 =0x0000000000000002, R10=0x0000021c66c6d5f2, R11=0x00000007112fb4d0
R12=0x0000000000000000, R13=0x0000021c02c00f68, R14=0x00000068c5fff430, R15=0x0000021c5db52300
RIP=0x000000000000b47c, EFLAGS=0x0000000000010202

Top of Stack: (sp=0x00000068c5fff378)
0x00000068c5fff378:   00007ff626271934 0000021c02c00f68
0x00000068c5fff388:   0000021c02c00f68 0000000000000843
0x00000068c5fff398:   0000021c66c6d33c 00000068c5fff418
0x00000068c5fff3a8:   0000021c66c6d621 0000021c5db52590
0x00000068c5fff3b8:   00000068c5fff428 000000071123b460
0x00000068c5fff3c8:   0000021c66c6d2f6 00000068c5fff3d0
0x00000068c5fff3d8:   0000021c02c00f68 00000068c5fff430
0x00000068c5fff3e8:   0000021c02c024c8 0000000000000000
0x00000068c5fff3f8:   00000007112fb4d0 0000021c02c00f68
0x00000068c5fff408:   0000000000000000 00000068c5fff438
0x00000068c5fff418:   00000068c5fff480 0000021c66c694fe
0x00000068c5fff428:   00000007112fb4d0 0000021c66c6af78
0x00000068c5fff438:   00000068c5fff438 0000021c02c01163
0x00000068c5fff448:   00000068c5fff4b0 0000021c02c024c8
0x00000068c5fff458:   0000000000000000 00000007112fb4d0
0x00000068c5fff468:   0000021c02c011f0 00000068c5fff438 

Instructions: (pc=0x000000000000b47c)
0x000000000000b37c:   ?? ?? ?? ?? ?? ?? ?? ?? ?? ?? ?? ?? ?? ?? ?? ??
0x000000000000b38c:   ?? ?? ?? ?? ?? ?? ?? ?? ?? ?? ?? ?? ?? ?? ?? ??
0x000000000000b39c:   ?? ?? ?? ?? ?? ?? ?? ?? ?? ?? ?? ?? ?? ?? ?? ??
0x000000000000b3ac:   ?? ?? ?? ?? ?? ?? ?? ?? ?? ?? ?? ?? ?? ?? ?? ??
0x000000000000b3bc:   ?? ?? ?? ?? ?? ?? ?? ?? ?? ?? ?? ?? ?? ?? ?? ??
0x000000000000b3cc:   ?? ?? ?? ?? ?? ?? ?? ?? ?? ?? ?? ?? ?? ?? ?? ??
0x000000000000b3dc:   ?? ?? ?? ?? ?? ?? ?? ?? ?? ?? ?? ?? ?? ?? ?? ??
0x000000000000b3ec:   ?? ?? ?? ?? ?? ?? ?? ?? ?? ?? ?? ?? ?? ?? ?? ??
0x000000000000b3fc:   ?? ?? ?? ?? ?? ?? ?? ?? ?? ?? ?? ?? ?? ?? ?? ??
0x000000000000b40c:   ?? ?? ?? ?? ?? ?? ?? ?? ?? ?? ?? ?? ?? ?? ?? ??
0x000000000000b41c:   ?? ?? ?? ?? ?? ?? ?? ?? ?? ?? ?? ?? ?? ?? ?? ??
0x000000000000b42c:   ?? ?? ?? ?? ?? ?? ?? ?? ?? ?? ?? ?? ?? ?? ?? ??
0x000000000000b43c:   ?? ?? ?? ?? ?? ?? ?? ?? ?? ?? ?? ?? ?? ?? ?? ??
0x000000000000b44c:   ?? ?? ?? ?? ?? ?? ?? ?? ?? ?? ?? ?? ?? ?? ?? ??
0x000000000000b45c:   ?? ?? ?? ?? ?? ?? ?? ?? ?? ?? ?? ?? ?? ?? ?? ??
0x000000000000b46c:   ?? ?? ?? ?? ?? ?? ?? ?? ?? ?? ?? ?? ?? ?? ?? ??
0x000000000000b47c:   ?? ?? ?? ?? ?? ?? ?? ?? ?? ?? ?? ?? ?? ?? ?? ??
0x000000000000b48c:   ?? ?? ?? ?? ?? ?? ?? ?? ?? ?? ?? ?? ?? ?? ?? ??
0x000000000000b49c:   ?? ?? ?? ?? ?? ?? ?? ?? ?? ?? ?? ?? ?? ?? ?? ??
0x000000000000b4ac:   ?? ?? ?? ?? ?? ?? ?? ?? ?? ?? ?? ?? ?? ?? ?? ??
0x000000000000b4bc:   ?? ?? ?? ?? ?? ?? ?? ?? ?? ?? ?? ?? ?? ?? ?? ??
0x000000000000b4cc:   ?? ?? ?? ?? ?? ?? ?? ?? ?? ?? ?? ?? ?? ?? ?? ??
0x000000000000b4dc:   ?? ?? ?? ?? ?? ?? ?? ?? ?? ?? ?? ?? ?? ?? ?? ??
0x000000000000b4ec:   ?? ?? ?? ?? ?? ?? ?? ?? ?? ?? ?? ?? ?? ?? ?? ??
0x000000000000b4fc:   ?? ?? ?? ?? ?? ?? ?? ?? ?? ?? ?? ?? ?? ?? ?? ??
0x000000000000b50c:   ?? ?? ?? ?? ?? ?? ?? ?? ?? ?? ?? ?? ?? ?? ?? ??
0x000000000000b51c:   ?? ?? ?? ?? ?? ?? ?? ?? ?? ?? ?? ?? ?? ?? ?? ??
0x000000000000b52c:   ?? ?? ?? ?? ?? ?? ?? ?? ?? ?? ?? ?? ?? ?? ?? ??
0x000000000000b53c:   ?? ?? ?? ?? ?? ?? ?? ?? ?? ?? ?? ?? ?? ?? ?? ??
0x000000000000b54c:   ?? ?? ?? ?? ?? ?? ?? ?? ?? ?? ?? ?? ?? ?? ?? ??
0x000000000000b55c:   ?? ?? ?? ?? ?? ?? ?? ?? ?? ?? ?? ?? ?? ?? ?? ??
0x000000000000b56c:   ?? ?? ?? ?? ?? ?? ?? ?? ?? ?? ?? ?? ?? ?? ?? ?? 


Stack slot to memory mapping:
stack at sp + 0 slots: 0x00007ff626271934 Moona.dll
stack at sp + 1 slots: {method} {0x0000021c02c00f70} 'nativeInit' '()V' in 'moonaframework/base/Moona'
stack at sp + 2 slots: {method} {0x0000021c02c00f70} 'nativeInit' '()V' in 'moonaframework/base/Moona'
stack at sp + 3 slots: 0x0000000000000843 is an unknown value
stack at sp + 4 slots: 0x0000021c66c6d33c is at code_begin+252 in an Interpreter codelet
method entry point (kind = native)  [0x0000021c66c6d240, 0x0000021c66c6dbc0]  2432 bytes
stack at sp + 5 slots: 0x00000068c5fff418 is pointing into the stack for thread: 0x0000021c5db52300
stack at sp + 6 slots: 0x0000021c66c6d621 is at code_begin+993 in an Interpreter codelet
method entry point (kind = native)  [0x0000021c66c6d240, 0x0000021c66c6dbc0]  2432 bytes
stack at sp + 7 slots: 0x0000021c5db52590 points into unknown readable memory: 0x00007ffb10af4710 | 10 47 af 10 fb 7f 00 00


---------------  P R O C E S S  ---------------

Threads class SMR info:
_java_thread_list=0x0000021c068a6400, length=12, elements={
0x0000021c5db52300, 0x0000021c02475170, 0x0000021c024763f0, 0x0000021c0248fda0,
0x0000021c02490650, 0x0000021c024937a0, 0x0000021c02494a20, 0x0000021c024a0260,
0x0000021c024a1ca0, 0x0000021c024d7990, 0x0000021c068c4760, 0x0000021c068c8ea0
}

Java Threads: ( => current thread )
=>0x0000021c5db52300 JavaThread "main" [_thread_in_native, id=16656, stack(0x00000068c5f00000,0x00000068c6000000)]
  0x0000021c02475170 JavaThread "Reference Handler" daemon [_thread_blocked, id=20040, stack(0x00000068c6600000,0x00000068c6700000)]
  0x0000021c024763f0 JavaThread "Finalizer" daemon [_thread_blocked, id=19672, stack(0x00000068c6700000,0x00000068c6800000)]
  0x0000021c0248fda0 JavaThread "Signal Dispatcher" daemon [_thread_blocked, id=20232, stack(0x00000068c6800000,0x00000068c6900000)]
  0x0000021c02490650 JavaThread "Attach Listener" daemon [_thread_blocked, id=18968, stack(0x00000068c6900000,0x00000068c6a00000)]
  0x0000021c024937a0 JavaThread "Service Thread" daemon [_thread_blocked, id=21184, stack(0x00000068c6a00000,0x00000068c6b00000)]
  0x0000021c02494a20 JavaThread "Monitor Deflation Thread" daemon [_thread_blocked, id=21152, stack(0x00000068c6b00000,0x00000068c6c00000)]
  0x0000021c024a0260 JavaThread "C2 CompilerThread0" daemon [_thread_blocked, id=12528, stack(0x00000068c6c00000,0x00000068c6d00000)]
  0x0000021c024a1ca0 JavaThread "C1 CompilerThread0" daemon [_thread_blocked, id=9936, stack(0x00000068c6d00000,0x00000068c6e00000)]
  0x0000021c024d7990 JavaThread "Sweeper thread" daemon [_thread_blocked, id=17264, stack(0x00000068c6e00000,0x00000068c6f00000)]
  0x0000021c068c4760 JavaThread "Notification Thread" daemon [_thread_blocked, id=4816, stack(0x00000068c6f00000,0x00000068c7000000)]
  0x0000021c068c8ea0 JavaThread "Common-Cleaner" daemon [_thread_blocked, id=4796, stack(0x00000068c7100000,0x00000068c7200000)]

Other Threads:
  0x0000021c5dbdb210 VMThread "VM Thread" [stack: 0x00000068c6500000,0x00000068c6600000] [id=21448]
  0x0000021c068c8c30 WatcherThread "VM Periodic Task Thread" [stack: 0x00000068c7000000,0x00000068c7100000] [id=11992]
  0x0000021c5dbc1060 WorkerThread "GC Thread#0" [stack: 0x00000068c6000000,0x00000068c6100000] [id=1988]
  0x0000021c5dbd25f0 ConcurrentGCThread "G1 Main Marker" [stack: 0x00000068c6100000,0x00000068c6200000] [id=12040]
  0x0000021c5dbd3ff0 WorkerThread "G1 Conc#0" [stack: 0x00000068c6200000,0x00000068c6300000] [id=21440]
  0x0000021c5dc1bfd0 ConcurrentGCThread "G1 Refine#0" [stack: 0x00000068c6300000,0x00000068c6400000] [id=3224]
  0x0000021c5dc1c8e0 ConcurrentGCThread "G1 Service" [stack: 0x00000068c6400000,0x00000068c6500000] [id=5240]

Threads with active compile tasks:

VM state: not at safepoint (normal execution)

VM Mutex/Monitor currently owned by a thread: None

Heap address: 0x0000000701400000, size: 4076 MB, Compressed Oops mode: Zero based, Oop shift amount: 3

CDS archive(s) mapped at: [0x0000000800000000-0x0000000800ba0000-0x0000000800ba0000), size 12189696, SharedBaseAddress: 0x0000000800000000, ArchiveRelocationMode: 0.
Compressed class space mapped at: 0x0000000800c00000-0x0000000840c00000, reserved size: 1073741824
Narrow klass base: 0x0000000800000000, Narrow klass shift: 0, Narrow klass range: 0x100000000

GC Precious Log:
 CardTable entry size: 512
 Card Set container configuration: InlinePtr #cards 4 size 8 Array Of Cards #cards 16 size 48 Howl #buckets 8 coarsen threshold 3686 Howl Bitmap #cards 512 size 80 coarsen threshold 460 Card regions per heap region 1 cards per card region 4096
 CPUs: 6 total, 6 available
 Memory: 16301M
 Large Page Support: Disabled
 NUMA Support: Disabled
 Compressed Oops: Enabled (Zero based)
 Heap Region Size: 2M
 Heap Min Capacity: 8M
 Heap Initial Capacity: 256M
 Heap Max Capacity: 4076M
 Pre-touch: Disabled
 Parallel Workers: 6
 Concurrent Workers: 2
 Concurrent Refinement Workers: 6
 Periodic GC: Disabled

Heap:
 garbage-first heap   total 262144K, used 0K [0x0000000701400000, 0x0000000800000000)
  region size 2048K, 1 young (2048K), 0 survivors (0K)
 Metaspace       used 213K, committed 384K, reserved 1114112K
  class space    used 12K, committed 128K, reserved 1048576K

Heap Regions: E=young(eden), S=young(survivor), O=old, HS=humongous(starts), HC=humongous(continues), CS=collection set, F=free, OA=open archive, CA=closed archive, TAMS=top-at-mark-start (previous, next)
|   0|0x0000000701400000, 0x0000000701400000, 0x0000000701600000|  0%| F|  |TAMS 0x0000000701400000, 0x0000000701400000| Untracked 
|   1|0x0000000701600000, 0x0000000701600000, 0x0000000701800000|  0%| F|  |TAMS 0x0000000701600000, 0x0000000701600000| Untracked 
|   2|0x0000000701800000, 0x0000000701800000, 0x0000000701a00000|  0%| F|  |TAMS 0x0000000701800000, 0x0000000701800000| Untracked 
|   3|0x0000000701a00000, 0x0000000701a00000, 0x0000000701c00000|  0%| F|  |TAMS 0x0000000701a00000, 0x0000000701a00000| Untracked 
|   4|0x0000000701c00000, 0x0000000701c00000, 0x0000000701e00000|  0%| F|  |TAMS 0x0000000701c00000, 0x0000000701c00000| Untracked 
|   5|0x0000000701e00000, 0x0000000701e00000, 0x0000000702000000|  0%| F|  |TAMS 0x0000000701e00000, 0x0000000701e00000| Untracked 
|   6|0x0000000702000000, 0x0000000702000000, 0x0000000702200000|  0%| F|  |TAMS 0x0000000702000000, 0x0000000702000000| Untracked 
|   7|0x0000000702200000, 0x0000000702200000, 0x0000000702400000|  0%| F|  |TAMS 0x0000000702200000, 0x0000000702200000| Untracked 
|   8|0x0000000702400000, 0x0000000702400000, 0x0000000702600000|  0%| F|  |TAMS 0x0000000702400000, 0x0000000702400000| Untracked 
|   9|0x0000000702600000, 0x0000000702600000, 0x0000000702800000|  0%| F|  |TAMS 0x0000000702600000, 0x0000000702600000| Untracked 
|  10|0x0000000702800000, 0x0000000702800000, 0x0000000702a00000|  0%| F|  |TAMS 0x0000000702800000, 0x0000000702800000| Untracked 
|  11|0x0000000702a00000, 0x0000000702a00000, 0x0000000702c00000|  0%| F|  |TAMS 0x0000000702a00000, 0x0000000702a00000| Untracked 
|  12|0x0000000702c00000, 0x0000000702c00000, 0x0000000702e00000|  0%| F|  |TAMS 0x0000000702c00000, 0x0000000702c00000| Untracked 
|  13|0x0000000702e00000, 0x0000000702e00000, 0x0000000703000000|  0%| F|  |TAMS 0x0000000702e00000, 0x0000000702e00000| Untracked 
|  14|0x0000000703000000, 0x0000000703000000, 0x0000000703200000|  0%| F|  |TAMS 0x0000000703000000, 0x0000000703000000| Untracked 
|  15|0x0000000703200000, 0x0000000703200000, 0x0000000703400000|  0%| F|  |TAMS 0x0000000703200000, 0x0000000703200000| Untracked 
|  16|0x0000000703400000, 0x0000000703400000, 0x0000000703600000|  0%| F|  |TAMS 0x0000000703400000, 0x0000000703400000| Untracked 
|  17|0x0000000703600000, 0x0000000703600000, 0x0000000703800000|  0%| F|  |TAMS 0x0000000703600000, 0x0000000703600000| Untracked 
|  18|0x0000000703800000, 0x0000000703800000, 0x0000000703a00000|  0%| F|  |TAMS 0x0000000703800000, 0x0000000703800000| Untracked 
|  19|0x0000000703a00000, 0x0000000703a00000, 0x0000000703c00000|  0%| F|  |TAMS 0x0000000703a00000, 0x0000000703a00000| Untracked 
|  20|0x0000000703c00000, 0x0000000703c00000, 0x0000000703e00000|  0%| F|  |TAMS 0x0000000703c00000, 0x0000000703c00000| Untracked 
|  21|0x0000000703e00000, 0x0000000703e00000, 0x0000000704000000|  0%| F|  |TAMS 0x0000000703e00000, 0x0000000703e00000| Untracked 
|  22|0x0000000704000000, 0x0000000704000000, 0x0000000704200000|  0%| F|  |TAMS 0x0000000704000000, 0x0000000704000000| Untracked 
|  23|0x0000000704200000, 0x0000000704200000, 0x0000000704400000|  0%| F|  |TAMS 0x0000000704200000, 0x0000000704200000| Untracked 
|  24|0x0000000704400000, 0x0000000704400000, 0x0000000704600000|  0%| F|  |TAMS 0x0000000704400000, 0x0000000704400000| Untracked 
|  25|0x0000000704600000, 0x0000000704600000, 0x0000000704800000|  0%| F|  |TAMS 0x0000000704600000, 0x0000000704600000| Untracked 
|  26|0x0000000704800000, 0x0000000704800000, 0x0000000704a00000|  0%| F|  |TAMS 0x0000000704800000, 0x0000000704800000| Untracked 
|  27|0x0000000704a00000, 0x0000000704a00000, 0x0000000704c00000|  0%| F|  |TAMS 0x0000000704a00000, 0x0000000704a00000| Untracked 
|  28|0x0000000704c00000, 0x0000000704c00000, 0x0000000704e00000|  0%| F|  |TAMS 0x0000000704c00000, 0x0000000704c00000| Untracked 
|  29|0x0000000704e00000, 0x0000000704e00000, 0x0000000705000000|  0%| F|  |TAMS 0x0000000704e00000, 0x0000000704e00000| Untracked 
|  30|0x0000000705000000, 0x0000000705000000, 0x0000000705200000|  0%| F|  |TAMS 0x0000000705000000, 0x0000000705000000| Untracked 
|  31|0x0000000705200000, 0x0000000705200000, 0x0000000705400000|  0%| F|  |TAMS 0x0000000705200000, 0x0000000705200000| Untracked 
|  32|0x0000000705400000, 0x0000000705400000, 0x0000000705600000|  0%| F|  |TAMS 0x0000000705400000, 0x0000000705400000| Untracked 
|  33|0x0000000705600000, 0x0000000705600000, 0x0000000705800000|  0%| F|  |TAMS 0x0000000705600000, 0x0000000705600000| Untracked 
|  34|0x0000000705800000, 0x0000000705800000, 0x0000000705a00000|  0%| F|  |TAMS 0x0000000705800000, 0x0000000705800000| Untracked 
|  35|0x0000000705a00000, 0x0000000705a00000, 0x0000000705c00000|  0%| F|  |TAMS 0x0000000705a00000, 0x0000000705a00000| Untracked 
|  36|0x0000000705c00000, 0x0000000705c00000, 0x0000000705e00000|  0%| F|  |TAMS 0x0000000705c00000, 0x0000000705c00000| Untracked 
|  37|0x0000000705e00000, 0x0000000705e00000, 0x0000000706000000|  0%| F|  |TAMS 0x0000000705e00000, 0x0000000705e00000| Untracked 
|  38|0x0000000706000000, 0x0000000706000000, 0x0000000706200000|  0%| F|  |TAMS 0x0000000706000000, 0x0000000706000000| Untracked 
|  39|0x0000000706200000, 0x0000000706200000, 0x0000000706400000|  0%| F|  |TAMS 0x0000000706200000, 0x0000000706200000| Untracked 
|  40|0x0000000706400000, 0x0000000706400000, 0x0000000706600000|  0%| F|  |TAMS 0x0000000706400000, 0x0000000706400000| Untracked 
|  41|0x0000000706600000, 0x0000000706600000, 0x0000000706800000|  0%| F|  |TAMS 0x0000000706600000, 0x0000000706600000| Untracked 
|  42|0x0000000706800000, 0x0000000706800000, 0x0000000706a00000|  0%| F|  |TAMS 0x0000000706800000, 0x0000000706800000| Untracked 
|  43|0x0000000706a00000, 0x0000000706a00000, 0x0000000706c00000|  0%| F|  |TAMS 0x0000000706a00000, 0x0000000706a00000| Untracked 
|  44|0x0000000706c00000, 0x0000000706c00000, 0x0000000706e00000|  0%| F|  |TAMS 0x0000000706c00000, 0x0000000706c00000| Untracked 
|  45|0x0000000706e00000, 0x0000000706e00000, 0x0000000707000000|  0%| F|  |TAMS 0x0000000706e00000, 0x0000000706e00000| Untracked 
|  46|0x0000000707000000, 0x0000000707000000, 0x0000000707200000|  0%| F|  |TAMS 0x0000000707000000, 0x0000000707000000| Untracked 
|  47|0x0000000707200000, 0x0000000707200000, 0x0000000707400000|  0%| F|  |TAMS 0x0000000707200000, 0x0000000707200000| Untracked 
|  48|0x0000000707400000, 0x0000000707400000, 0x0000000707600000|  0%| F|  |TAMS 0x0000000707400000, 0x0000000707400000| Untracked 
|  49|0x0000000707600000, 0x0000000707600000, 0x0000000707800000|  0%| F|  |TAMS 0x0000000707600000, 0x0000000707600000| Untracked 
|  50|0x0000000707800000, 0x0000000707800000, 0x0000000707a00000|  0%| F|  |TAMS 0x0000000707800000, 0x0000000707800000| Untracked 
|  51|0x0000000707a00000, 0x0000000707a00000, 0x0000000707c00000|  0%| F|  |TAMS 0x0000000707a00000, 0x0000000707a00000| Untracked 
|  52|0x0000000707c00000, 0x0000000707c00000, 0x0000000707e00000|  0%| F|  |TAMS 0x0000000707c00000, 0x0000000707c00000| Untracked 
|  53|0x0000000707e00000, 0x0000000707e00000, 0x0000000708000000|  0%| F|  |TAMS 0x0000000707e00000, 0x0000000707e00000| Untracked 
|  54|0x0000000708000000, 0x0000000708000000, 0x0000000708200000|  0%| F|  |TAMS 0x0000000708000000, 0x0000000708000000| Untracked 
|  55|0x0000000708200000, 0x0000000708200000, 0x0000000708400000|  0%| F|  |TAMS 0x0000000708200000, 0x0000000708200000| Untracked 
|  56|0x0000000708400000, 0x0000000708400000, 0x0000000708600000|  0%| F|  |TAMS 0x0000000708400000, 0x0000000708400000| Untracked 
|  57|0x0000000708600000, 0x0000000708600000, 0x0000000708800000|  0%| F|  |TAMS 0x0000000708600000, 0x0000000708600000| Untracked 
|  58|0x0000000708800000, 0x0000000708800000, 0x0000000708a00000|  0%| F|  |TAMS 0x0000000708800000, 0x0000000708800000| Untracked 
|  59|0x0000000708a00000, 0x0000000708a00000, 0x0000000708c00000|  0%| F|  |TAMS 0x0000000708a00000, 0x0000000708a00000| Untracked 
|  60|0x0000000708c00000, 0x0000000708c00000, 0x0000000708e00000|  0%| F|  |TAMS 0x0000000708c00000, 0x0000000708c00000| Untracked 
|  61|0x0000000708e00000, 0x0000000708e00000, 0x0000000709000000|  0%| F|  |TAMS 0x0000000708e00000, 0x0000000708e00000| Untracked 
|  62|0x0000000709000000, 0x0000000709000000, 0x0000000709200000|  0%| F|  |TAMS 0x0000000709000000, 0x0000000709000000| Untracked 
|  63|0x0000000709200000, 0x0000000709200000, 0x0000000709400000|  0%| F|  |TAMS 0x0000000709200000, 0x0000000709200000| Untracked 
|  64|0x0000000709400000, 0x0000000709400000, 0x0000000709600000|  0%| F|  |TAMS 0x0000000709400000, 0x0000000709400000| Untracked 
|  65|0x0000000709600000, 0x0000000709600000, 0x0000000709800000|  0%| F|  |TAMS 0x0000000709600000, 0x0000000709600000| Untracked 
|  66|0x0000000709800000, 0x0000000709800000, 0x0000000709a00000|  0%| F|  |TAMS 0x0000000709800000, 0x0000000709800000| Untracked 
|  67|0x0000000709a00000, 0x0000000709a00000, 0x0000000709c00000|  0%| F|  |TAMS 0x0000000709a00000, 0x0000000709a00000| Untracked 
|  68|0x0000000709c00000, 0x0000000709c00000, 0x0000000709e00000|  0%| F|  |TAMS 0x0000000709c00000, 0x0000000709c00000| Untracked 
|  69|0x0000000709e00000, 0x0000000709e00000, 0x000000070a000000|  0%| F|  |TAMS 0x0000000709e00000, 0x0000000709e00000| Untracked 
|  70|0x000000070a000000, 0x000000070a000000, 0x000000070a200000|  0%| F|  |TAMS 0x000000070a000000, 0x000000070a000000| Untracked 
|  71|0x000000070a200000, 0x000000070a200000, 0x000000070a400000|  0%| F|  |TAMS 0x000000070a200000, 0x000000070a200000| Untracked 
|  72|0x000000070a400000, 0x000000070a400000, 0x000000070a600000|  0%| F|  |TAMS 0x000000070a400000, 0x000000070a400000| Untracked 
|  73|0x000000070a600000, 0x000000070a600000, 0x000000070a800000|  0%| F|  |TAMS 0x000000070a600000, 0x000000070a600000| Untracked 
|  74|0x000000070a800000, 0x000000070a800000, 0x000000070aa00000|  0%| F|  |TAMS 0x000000070a800000, 0x000000070a800000| Untracked 
|  75|0x000000070aa00000, 0x000000070aa00000, 0x000000070ac00000|  0%| F|  |TAMS 0x000000070aa00000, 0x000000070aa00000| Untracked 
|  76|0x000000070ac00000, 0x000000070ac00000, 0x000000070ae00000|  0%| F|  |TAMS 0x000000070ac00000, 0x000000070ac00000| Untracked 
|  77|0x000000070ae00000, 0x000000070ae00000, 0x000000070b000000|  0%| F|  |TAMS 0x000000070ae00000, 0x000000070ae00000| Untracked 
|  78|0x000000070b000000, 0x000000070b000000, 0x000000070b200000|  0%| F|  |TAMS 0x000000070b000000, 0x000000070b000000| Untracked 
|  79|0x000000070b200000, 0x000000070b200000, 0x000000070b400000|  0%| F|  |TAMS 0x000000070b200000, 0x000000070b200000| Untracked 
|  80|0x000000070b400000, 0x000000070b400000, 0x000000070b600000|  0%| F|  |TAMS 0x000000070b400000, 0x000000070b400000| Untracked 
|  81|0x000000070b600000, 0x000000070b600000, 0x000000070b800000|  0%| F|  |TAMS 0x000000070b600000, 0x000000070b600000| Untracked 
|  82|0x000000070b800000, 0x000000070b800000, 0x000000070ba00000|  0%| F|  |TAMS 0x000000070b800000, 0x000000070b800000| Untracked 
|  83|0x000000070ba00000, 0x000000070ba00000, 0x000000070bc00000|  0%| F|  |TAMS 0x000000070ba00000, 0x000000070ba00000| Untracked 
|  84|0x000000070bc00000, 0x000000070bc00000, 0x000000070be00000|  0%| F|  |TAMS 0x000000070bc00000, 0x000000070bc00000| Untracked 
|  85|0x000000070be00000, 0x000000070be00000, 0x000000070c000000|  0%| F|  |TAMS 0x000000070be00000, 0x000000070be00000| Untracked 
|  86|0x000000070c000000, 0x000000070c000000, 0x000000070c200000|  0%| F|  |TAMS 0x000000070c000000, 0x000000070c000000| Untracked 
|  87|0x000000070c200000, 0x000000070c200000, 0x000000070c400000|  0%| F|  |TAMS 0x000000070c200000, 0x000000070c200000| Untracked 
|  88|0x000000070c400000, 0x000000070c400000, 0x000000070c600000|  0%| F|  |TAMS 0x000000070c400000, 0x000000070c400000| Untracked 
|  89|0x000000070c600000, 0x000000070c600000, 0x000000070c800000|  0%| F|  |TAMS 0x000000070c600000, 0x000000070c600000| Untracked 
|  90|0x000000070c800000, 0x000000070c800000, 0x000000070ca00000|  0%| F|  |TAMS 0x000000070c800000, 0x000000070c800000| Untracked 
|  91|0x000000070ca00000, 0x000000070ca00000, 0x000000070cc00000|  0%| F|  |TAMS 0x000000070ca00000, 0x000000070ca00000| Untracked 
|  92|0x000000070cc00000, 0x000000070cc00000, 0x000000070ce00000|  0%| F|  |TAMS 0x000000070cc00000, 0x000000070cc00000| Untracked 
|  93|0x000000070ce00000, 0x000000070ce00000, 0x000000070d000000|  0%| F|  |TAMS 0x000000070ce00000, 0x000000070ce00000| Untracked 
|  94|0x000000070d000000, 0x000000070d000000, 0x000000070d200000|  0%| F|  |TAMS 0x000000070d000000, 0x000000070d000000| Untracked 
|  95|0x000000070d200000, 0x000000070d200000, 0x000000070d400000|  0%| F|  |TAMS 0x000000070d200000, 0x000000070d200000| Untracked 
|  96|0x000000070d400000, 0x000000070d400000, 0x000000070d600000|  0%| F|  |TAMS 0x000000070d400000, 0x000000070d400000| Untracked 
|  97|0x000000070d600000, 0x000000070d600000, 0x000000070d800000|  0%| F|  |TAMS 0x000000070d600000, 0x000000070d600000| Untracked 
|  98|0x000000070d800000, 0x000000070d800000, 0x000000070da00000|  0%| F|  |TAMS 0x000000070d800000, 0x000000070d800000| Untracked 
|  99|0x000000070da00000, 0x000000070da00000, 0x000000070dc00000|  0%| F|  |TAMS 0x000000070da00000, 0x000000070da00000| Untracked 
| 100|0x000000070dc00000, 0x000000070dc00000, 0x000000070de00000|  0%| F|  |TAMS 0x000000070dc00000, 0x000000070dc00000| Untracked 
| 101|0x000000070de00000, 0x000000070de00000, 0x000000070e000000|  0%| F|  |TAMS 0x000000070de00000, 0x000000070de00000| Untracked 
| 102|0x000000070e000000, 0x000000070e000000, 0x000000070e200000|  0%| F|  |TAMS 0x000000070e000000, 0x000000070e000000| Untracked 
| 103|0x000000070e200000, 0x000000070e200000, 0x000000070e400000|  0%| F|  |TAMS 0x000000070e200000, 0x000000070e200000| Untracked 
| 104|0x000000070e400000, 0x000000070e400000, 0x000000070e600000|  0%| F|  |TAMS 0x000000070e400000, 0x000000070e400000| Untracked 
| 105|0x000000070e600000, 0x000000070e600000, 0x000000070e800000|  0%| F|  |TAMS 0x000000070e600000, 0x000000070e600000| Untracked 
| 106|0x000000070e800000, 0x000000070e800000, 0x000000070ea00000|  0%| F|  |TAMS 0x000000070e800000, 0x000000070e800000| Untracked 
| 107|0x000000070ea00000, 0x000000070ea00000, 0x000000070ec00000|  0%| F|  |TAMS 0x000000070ea00000, 0x000000070ea00000| Untracked 
| 108|0x000000070ec00000, 0x000000070ec00000, 0x000000070ee00000|  0%| F|  |TAMS 0x000000070ec00000, 0x000000070ec00000| Untracked 
| 109|0x000000070ee00000, 0x000000070ee00000, 0x000000070f000000|  0%| F|  |TAMS 0x000000070ee00000, 0x000000070ee00000| Untracked 
| 110|0x000000070f000000, 0x000000070f000000, 0x000000070f200000|  0%| F|  |TAMS 0x000000070f000000, 0x000000070f000000| Untracked 
| 111|0x000000070f200000, 0x000000070f200000, 0x000000070f400000|  0%| F|  |TAMS 0x000000070f200000, 0x000000070f200000| Untracked 
| 112|0x000000070f400000, 0x000000070f400000, 0x000000070f600000|  0%| F|  |TAMS 0x000000070f400000, 0x000000070f400000| Untracked 
| 113|0x000000070f600000, 0x000000070f600000, 0x000000070f800000|  0%| F|  |TAMS 0x000000070f600000, 0x000000070f600000| Untracked 
| 114|0x000000070f800000, 0x000000070f800000, 0x000000070fa00000|  0%| F|  |TAMS 0x000000070f800000, 0x000000070f800000| Untracked 
| 115|0x000000070fa00000, 0x000000070fa00000, 0x000000070fc00000|  0%| F|  |TAMS 0x000000070fa00000, 0x000000070fa00000| Untracked 
| 116|0x000000070fc00000, 0x000000070fc00000, 0x000000070fe00000|  0%| F|  |TAMS 0x000000070fc00000, 0x000000070fc00000| Untracked 
| 117|0x000000070fe00000, 0x000000070fe00000, 0x0000000710000000|  0%| F|  |TAMS 0x000000070fe00000, 0x000000070fe00000| Untracked 
| 118|0x0000000710000000, 0x0000000710000000, 0x0000000710200000|  0%| F|  |TAMS 0x0000000710000000, 0x0000000710000000| Untracked 
| 119|0x0000000710200000, 0x0000000710200000, 0x0000000710400000|  0%| F|  |TAMS 0x0000000710200000, 0x0000000710200000| Untracked 
| 120|0x0000000710400000, 0x0000000710400000, 0x0000000710600000|  0%| F|  |TAMS 0x0000000710400000, 0x0000000710400000| Untracked 
| 121|0x0000000710600000, 0x0000000710600000, 0x0000000710800000|  0%| F|  |TAMS 0x0000000710600000, 0x0000000710600000| Untracked 
| 122|0x0000000710800000, 0x0000000710800000, 0x0000000710a00000|  0%| F|  |TAMS 0x0000000710800000, 0x0000000710800000| Untracked 
| 123|0x0000000710a00000, 0x0000000710a00000, 0x0000000710c00000|  0%| F|  |TAMS 0x0000000710a00000, 0x0000000710a00000| Untracked 
| 124|0x0000000710c00000, 0x0000000710c00000, 0x0000000710e00000|  0%| F|  |TAMS 0x0000000710c00000, 0x0000000710c00000| Untracked 
| 125|0x0000000710e00000, 0x0000000710e00000, 0x0000000711000000|  0%| F|  |TAMS 0x0000000710e00000, 0x0000000710e00000| Untracked 
| 126|0x0000000711000000, 0x0000000711000000, 0x0000000711200000|  0%| F|  |TAMS 0x0000000711000000, 0x0000000711000000| Untracked 
| 127|0x0000000711200000, 0x0000000711399a98, 0x0000000711400000| 80%| E|  |TAMS 0x0000000711200000, 0x0000000711200000| Complete 

Card table byte_map: [0x0000021c76cc0000,0x0000021c774c0000] _byte_map_base: 0x0000021c734b6000

Marking Bits (Prev, Next): (CMBitMap*) 0x0000021c5dbc1660, (CMBitMap*) 0x0000021c5dbc16a0
 Prev Bits: [0x0000021c77cc0000, 0x0000021c7bc70000)
 Next Bits: [0x0000021c7bc70000, 0x0000021c7fc20000)

Polling page: 0x0000021c66c40000

Metaspace:

Usage:
  Non-class:    201.93 KB used.
      Class:     12.01 KB used.
       Both:    213.94 KB used.

Virtual space:
  Non-class space:       64.00 MB reserved,     256.00 KB ( <1%) committed,  1 nodes.
      Class space:        1.00 GB reserved,     128.00 KB ( <1%) committed,  1 nodes.
             Both:        1.06 GB reserved,     384.00 KB ( <1%) committed. 

Chunk freelists:
   Non-Class:  3.98 MB
       Class:  3.73 MB
        Both:  7.71 MB

MaxMetaspaceSize: unlimited
CompressedClassSpaceSize: 1.00 GB
Initial GC threshold: 21.00 MB
Current GC threshold: 21.00 MB
CDS: on
MetaspaceReclaimPolicy: balanced
 - commit_granule_bytes: 65536.
 - commit_granule_words: 8192.
 - virtual_space_node_default_size: 8388608.
 - enlarge_chunks_in_place: 1.
 - new_chunks_are_fully_committed: 0.
 - uncommit_free_chunks: 1.
 - use_allocation_guard: 0.


Internal statistics:

num_allocs_failed_limit: 0.
num_arena_births: 8.
num_arena_deaths: 0.
num_vsnodes_births: 2.
num_vsnodes_deaths: 0.
num_space_committed: 6.
num_space_uncommitted: 0.
num_chunks_returned_to_freelist: 0.
num_chunks_taken_from_freelist: 14.
num_chunk_merges: 0.
num_chunk_splits: 7.
num_chunks_enlarged: 4.
num_inconsistent_stats: 0.

CodeHeap 'non-profiled nmethods': size=120000Kb used=23Kb max_used=23Kb free=119976Kb
 bounds [0x0000021c6e730000, 0x0000021c6e9a0000, 0x0000021c75c60000]
CodeHeap 'profiled nmethods': size=120000Kb used=88Kb max_used=88Kb free=119911Kb
 bounds [0x0000021c67200000, 0x0000021c67470000, 0x0000021c6e730000]
CodeHeap 'non-nmethods': size=5760Kb used=1085Kb max_used=1085Kb free=4674Kb
 bounds [0x0000021c66c60000, 0x0000021c66ed0000, 0x0000021c67200000]
 total_blobs=424 nmethods=81 adapters=256
 compilation: enabled
              stopped_count=0, restarted_count=0
 full_count=0

Compilation events (20 events):
Event: 0.041 Thread 0x0000021c024a1ca0   62       3       java.lang.StringLatin1::indexOfChar (33 bytes)
Event: 0.041 Thread 0x0000021c024a1ca0 nmethod 62 0x0000021c67213090 code [0x0000021c67213240, 0x0000021c67213478]
Event: 0.041 Thread 0x0000021c024a1ca0   63       3       java.lang.String::getBytes (44 bytes)
Event: 0.041 Thread 0x0000021c024a1ca0 nmethod 63 0x0000021c67213590 code [0x0000021c67213760, 0x0000021c67213a78]
Event: 0.042 Thread 0x0000021c024a1ca0   64       3       java.lang.String::<init> (15 bytes)
Event: 0.042 Thread 0x0000021c024a1ca0 nmethod 64 0x0000021c67213b90 code [0x0000021c67213d20, 0x0000021c67213ef8]
Event: 0.044 Thread 0x0000021c024a1ca0   65       1       java.lang.module.ModuleDescriptor::isOpen (5 bytes)
Event: 0.044 Thread 0x0000021c024a1ca0 nmethod 65 0x0000021c6e733590 code [0x0000021c6e733720, 0x0000021c6e7337f8]
Event: 0.047 Thread 0x0000021c024a1ca0   71       1       java.lang.Enum::ordinal (5 bytes)
Event: 0.047 Thread 0x0000021c024a1ca0 nmethod 71 0x0000021c6e734890 code [0x0000021c6e734a20, 0x0000021c6e734af8]
Event: 0.047 Thread 0x0000021c024a1ca0   72       3       java.lang.StringBuilder::append (8 bytes)
Event: 0.047 Thread 0x0000021c024a1ca0 nmethod 72 0x0000021c67213f90 code [0x0000021c67214120, 0x0000021c67214268]
Event: 0.047 Thread 0x0000021c024a1ca0   73       3       java.lang.AbstractStringBuilder::append (45 bytes)
Event: 0.048 Thread 0x0000021c024a1ca0 nmethod 73 0x0000021c67214310 code [0x0000021c67214520, 0x0000021c67214a58]
Event: 0.048 Thread 0x0000021c024a1ca0   74       3       java.lang.AbstractStringBuilder::isLatin1 (19 bytes)
Event: 0.048 Thread 0x0000021c024a1ca0 nmethod 74 0x0000021c67214c90 code [0x0000021c67214e20, 0x0000021c67214f98]
Event: 0.048 Thread 0x0000021c024a1ca0   78       3       java.util.concurrent.ConcurrentHashMap::get (162 bytes)
Event: 0.049 Thread 0x0000021c024a1ca0 nmethod 78 0x0000021c67215010 code [0x0000021c67215260, 0x0000021c67215d68]
Event: 0.049 Thread 0x0000021c024a1ca0   81       1       java.lang.invoke.MethodType::returnType (5 bytes)
Event: 0.049 Thread 0x0000021c024a1ca0 nmethod 81 0x0000021c6e735a90 code [0x0000021c6e735c20, 0x0000021c6e735cf8]

GC Heap History (0 events):
No events

Deoptimization events (0 events):
No events

Classes loaded (4 events):
Event: 0.037 Loading class jdk/internal/loader/URLClassPath$FileLoader
Event: 0.037 Loading class jdk/internal/loader/URLClassPath$FileLoader done
Event: 0.038 Loading class jdk/internal/loader/URLClassPath$FileLoader$1
Event: 0.038 Loading class jdk/internal/loader/URLClassPath$FileLoader$1 done

Classes unloaded (0 events):
No events

Classes redefined (0 events):
No events

Internal exceptions (1 events):
Event: 0.045 Thread 0x0000021c5db52300 Exception <a 'java/lang/NoSuchMethodError'{0x000000071130c130}: 'void java.lang.invoke.DirectMethodHandle$Holder.invokeStatic(java.lang.Object, java.lang.Object)'> (0x000000071130c130) 
thrown [s\open\src\hotspot\share\interpreter\linkResolver.cpp, line 759]

VM Operations (0 events):
No events

Events (15 events):
Event: 0.007 Loaded shared library C:\Program Files\Java\jdk-18.0.2\bin\java.dll
Event: 0.014 Loaded shared library C:\Program Files\Java\jdk-18.0.2\bin\jsvml.dll
Event: 0.015 Thread 0x0000021c5db52300 Thread added: 0x0000021c5db52300
Event: 0.016 Thread 0x0000021c02475170 Thread added: 0x0000021c02475170
Event: 0.016 Thread 0x0000021c024763f0 Thread added: 0x0000021c024763f0
Event: 0.025 Thread 0x0000021c0248fda0 Thread added: 0x0000021c0248fda0
Event: 0.025 Thread 0x0000021c02490650 Thread added: 0x0000021c02490650
Event: 0.025 Thread 0x0000021c024937a0 Thread added: 0x0000021c024937a0
Event: 0.025 Thread 0x0000021c02494a20 Thread added: 0x0000021c02494a20
Event: 0.026 Thread 0x0000021c024a0260 Thread added: 0x0000021c024a0260
Event: 0.026 Thread 0x0000021c024a1ca0 Thread added: 0x0000021c024a1ca0
Event: 0.026 Thread 0x0000021c024d7990 Thread added: 0x0000021c024d7990
Event: 0.036 Thread 0x0000021c068c4760 Thread added: 0x0000021c068c4760
Event: 0.039 Thread 0x0000021c068c8ea0 Thread added: 0x0000021c068c8ea0
Event: 0.043 Loaded shared library H:\Moona\cpp\Moona.dll


Dynamic libraries:
0x00007ff6c6c30000 - 0x00007ff6c6c40000 	C:\Program Files\Java\jdk-18.0.2\bin\javaw.exe
0x00007ffb96110000 - 0x00007ffb96308000 	C:\Windows\SYSTEM32\ntdll.dll
0x00007ffb953d0000 - 0x00007ffb9548f000 	C:\Windows\System32\KERNEL32.DLL
0x00007ffb93810000 - 0x00007ffb93ae2000 	C:\Windows\System32\KERNELBASE.dll
0x00007ffb93ed0000 - 0x00007ffb93fd0000 	C:\Windows\System32\ucrtbase.dll
0x00007ffb61f00000 - 0x00007ffb61f1a000 	C:\Program Files\Java\jdk-18.0.2\bin\VCRUNTIME140.dll
0x00007ffb609a0000 - 0x00007ffb609b8000 	C:\Program Files\Java\jdk-18.0.2\bin\jli.dll
0x00007ffb94170000 - 0x00007ffb9421e000 	C:\Windows\System32\ADVAPI32.dll
0x00007ffb95330000 - 0x00007ffb953ce000 	C:\Windows\System32\msvcrt.dll
0x00007ffb95e80000 - 0x00007ffb95f1c000 	C:\Windows\System32\sechost.dll
0x00007ffb95f20000 - 0x00007ffb96044000 	C:\Windows\System32\RPCRT4.dll
0x00007ffb943d0000 - 0x00007ffb94571000 	C:\Windows\System32\USER32.dll
0x00007ffb7a1c0000 - 0x00007ffb7a45a000 	C:\Windows\WinSxS\amd64_microsoft.windows.common-controls_6595b64144ccf1df_6.0.19041.1110_none_60b5254171f9507e\COMCTL32.dll
0x00007ffb94060000 - 0x00007ffb94082000 	C:\Windows\System32\win32u.dll
0x00007ffb95e30000 - 0x00007ffb95e5b000 	C:\Windows\System32\GDI32.dll
0x00007ffb93dc0000 - 0x00007ffb93ecf000 	C:\Windows\System32\gdi32full.dll
0x00007ffb940c0000 - 0x00007ffb9415d000 	C:\Windows\System32\msvcp_win.dll
0x00007ffb8d770000 - 0x00007ffb8d77a000 	C:\Windows\SYSTEM32\VERSION.dll
0x00007ffb94800000 - 0x00007ffb94830000 	C:\Windows\System32\IMM32.DLL
0x00007ffb8f080000 - 0x00007ffb8f08c000 	C:\Program Files\Java\jdk-18.0.2\bin\vcruntime140_1.dll
0x00007ffb56030000 - 0x00007ffb560bd000 	C:\Program Files\Java\jdk-18.0.2\bin\msvcp140.dll
0x00007ffb10030000 - 0x00007ffb10c41000 	C:\Program Files\Java\jdk-18.0.2\bin\server\jvm.dll
0x00007ffb94160000 - 0x00007ffb94168000 	C:\Windows\System32\PSAPI.DLL
0x00007ffb8e380000 - 0x00007ffb8e3a7000 	C:\Windows\SYSTEM32\WINMM.dll
0x00007ffb77c30000 - 0x00007ffb77c39000 	C:\Windows\SYSTEM32\WSOCK32.dll
0x00007ffb94b70000 - 0x00007ffb94bdb000 	C:\Windows\System32\WS2_32.dll
0x00007ffb92080000 - 0x00007ffb92092000 	C:\Windows\SYSTEM32\kernel.appcore.dll
0x00007ffb8bac0000 - 0x00007ffb8baca000 	C:\Program Files\Java\jdk-18.0.2\bin\jimage.dll
0x00007ffb91550000 - 0x00007ffb91734000 	C:\Windows\SYSTEM32\DBGHELP.DLL
0x00007ffb763a0000 - 0x00007ffb763d5000 	C:\Windows\SYSTEM32\dbgcore.DLL
0x00007ffb93fd0000 - 0x00007ffb94052000 	C:\Windows\System32\bcryptPrimitives.dll
0x00007ffb60970000 - 0x00007ffb60995000 	C:\Program Files\Java\jdk-18.0.2\bin\java.dll
0x00007ffb4f2f0000 - 0x00007ffb4f3c6000 	C:\Program Files\Java\jdk-18.0.2\bin\jsvml.dll
0x00007ffb94be0000 - 0x00007ffb95325000 	C:\Windows\System32\SHELL32.dll
0x00007ffb918d0000 - 0x00007ffb92062000 	C:\Windows\SYSTEM32\windows.storage.dll
0x00007ffb95ad0000 - 0x00007ffb95e25000 	C:\Windows\System32\combase.dll
0x00007ffb93270000 - 0x00007ffb932a0000 	C:\Windows\SYSTEM32\Wldp.dll
0x00007ffb94830000 - 0x00007ffb948dd000 	C:\Windows\System32\SHCORE.dll
0x00007ffb946b0000 - 0x00007ffb94705000 	C:\Windows\System32\shlwapi.dll
0x00007ffb93750000 - 0x00007ffb9376f000 	C:\Windows\SYSTEM32\profapi.dll
0x00007ff626270000 - 0x00007ff626285000 	H:\Moona\cpp\Moona.dll

dbghelp: loaded successfully - version: 4.0.5 - missing functions: none
symbol engine: initialized successfully - sym options: 0x614 - pdb path: .;C:\Program Files\Java\jdk-18.0.2\bin;C:\Windows\SYSTEM32;C:\Windows\WinSxS\amd64_microsoft.windows.common-controls_6595b64144ccf1df_6.0.19041.1110_none_60b5254171f9507e;C:\Program Files\Java\jdk-18.0.2\bin\server;H:\Moona\cpp

VM Arguments:
jvm_args: -Djava.library.path=H:\Moona\cpp -Dfile.encoding=UTF-8 -XX:+ShowCodeDetailsInExceptionMessages 
java_command: test.Test
java_class_path (initial): H:\Moona\java\bin
Launcher Type: SUN_STANDARD

[Global flags]
     intx CICompilerCount                          = 3                                         {product} {ergonomic}
     uint ConcGCThreads                            = 2                                         {product} {ergonomic}
     uint G1ConcRefinementThreads                  = 6                                         {product} {ergonomic}
   size_t G1HeapRegionSize                         = 2097152                                   {product} {ergonomic}
    uintx GCDrainStackTargetSize                   = 64                                        {product} {ergonomic}
   size_t InitialHeapSize                          = 268435456                                 {product} {ergonomic}
   size_t MarkStackSize                            = 4194304                                   {product} {ergonomic}
   size_t MaxHeapSize                              = 4273995776                                {product} {ergonomic}
   size_t MaxNewSize                               = 2562719744                                {product} {ergonomic}
   size_t MinHeapDeltaBytes                        = 2097152                                   {product} {ergonomic}
   size_t MinHeapSize                              = 8388608                                   {product} {ergonomic}
    uintx NonNMethodCodeHeapSize                   = 5832780                                {pd product} {ergonomic}
    uintx NonProfiledCodeHeapSize                  = 122912730                              {pd product} {ergonomic}
    uintx ProfiledCodeHeapSize                     = 122912730                              {pd product} {ergonomic}
    uintx ReservedCodeCacheSize                    = 251658240                              {pd product} {ergonomic}
     bool SegmentedCodeCache                       = true                                      {product} {ergonomic}
     bool ShowCodeDetailsInExceptionMessages       = true                                   {manageable} {command line}
   size_t SoftMaxHeapSize                          = 4273995776                             {manageable} {ergonomic}
     bool UseCompressedClassPointers               = true                           {product lp64_product} {ergonomic}
     bool UseCompressedOops                        = true                           {product lp64_product} {ergonomic}
     bool UseG1GC                                  = true                                      {product} {ergonomic}
     bool UseLargePagesIndividualAllocation        = false                                  {pd product} {ergonomic}

Logging:
Log output configuration:
 #0: stdout all=warning uptime,level,tags foldmultilines=false
 #1: stderr all=off uptime,level,tags foldmultilines=false

Environment Variables:
JAVA_HOME=C:\Progra~1\Java\jdk-18.0.2\
PATH=C:/Program Files/Java/jdk-19.0.1/bin/server;C:/Program Files/Java/jdk-19.0.1/bin;C:\Program Files\Microsoft\jdk-11.0.12.7-hotspot\bin;C:\Program Files\Common Files\Oracle\Java\javapath;C:\Program Files (x86)\Common Files\Oracle\Java\javapath;C:\Windows\system32;C:\Windows;C:\Windows\System32\Wbem;C:\Windows\System32\WindowsPowerShell\v1.0\;C:\Windows\System32\OpenSSH\;C:\Program Files (x86)\Intel\Intel(R) Management Engine Components\DAL;C:\Program Files\Intel\Intel(R) Management Engine Components\DAL;C:\Program Files\Java\jre1.8.0_341\bin;C:\Program Files\mingw64\bin;C:\Program Files\Java\jdk-19.0.1\bin;C:\Program Files\Git\cmd;H:\WorkSpace\Compilers\kotlinc\bin;C:\Program Files\dotnet\;C:\Users\pelle\AppData\Local\Microsoft\WindowsApps;C:\Program Files\Java\jre1.8.0_341\bin;H:\WorkSpace\Compilers\mingw64\bin;C:\Users\pelle\AppData\Local\Programs\Microsoft VS Code\bin;C:\Program Files\Java\jdk-18.0.2\bin;C:\Users\pelle\AppData\Local\GitHubDesktop\bin;D:\Microsoft VS Code\bin;C:\Users\pelle\.dotnet\tools;C:\Users\pelle\Desktop;
USERNAME=pelle
OS=Windows_NT
PROCESSOR_IDENTIFIER=Intel64 Family 6 Model 158 Stepping 10, GenuineIntel



---------------  S Y S T E M  ---------------

OS:
 Windows 10 , 64 bit Build 19041 (10.0.19041.2546)
OS uptime: 0 days 0:04 hours

CPU: total 6 (initial active 6) (6 cores per cpu, 1 threads per core) family 6 model 158 stepping 10 microcode 0xb4, cx8, cmov, fxsr, mmx, 3dnowpref, sse, sse2, sse3, ssse3, sse4.1, sse4.2, popcnt, lzcnt, tsc, tscinvbit, avx, avx2, aes, erms, clmul, bmi1, bmi2, adx, fma, vzeroupper, clflush, clflushopt

Memory: 4k page, system-wide physical 16301M (7285M free)
TotalPageFile size 32173M (AvailPageFile size 18245M)
current process WorkingSet (physical memory assigned to process): 28M, peak: 28M
current process commit charge ("private bytes"): 338M, peak: 338M

vm_info: Java HotSpot(TM) 64-Bit Server VM (18.0.2+9-61) for windows-amd64 JRE (18.0.2+9-61), built on Jun  7 2022 13:09:01 by "mach5one" with MS VC++ 16.8 / 16.9 (VS2019)

END.
