#
# A fatal error has been detected by the Java Runtime Environment:
#
#  EXCEPTION_ACCESS_VIOLATION (0xc0000005) at pc=0x0000000000000000, pid=30364, tid=22932
#
# JRE version: Java(TM) SE Runtime Environment (19.0.1+10) (build 19.0.1+10-21)
# Java VM: Java HotSpot(TM) 64-Bit Server VM (19.0.1+10-21, mixed mode, sharing, tiered, compressed oops, compressed class ptrs, g1 gc, windows-amd64)
# Problematic frame:
# C  0x0000000000000000
#
# No core dump will be written. Minidumps are not enabled by default on client versions of Windows
#
# If you would like to submit a bug report, please visit:
#   https://bugreport.java.com/bugreport/crash.jsp
# The crash happened outside the Java Virtual Machine in native code.
# See problematic frame for where to report the bug.
#

---------------  S U M M A R Y ------------

Command Line: -Djava.library.path=H:\Moona\java\lib -Dfile.encoding=UTF-8 -XX:+ShowCodeDetailsInExceptionMessages test.Test

Host: Intel(R) Core(TM) i5-9400F CPU @ 2.90GHz, 6 cores, 15G,  Windows 10 , 64 bit Build 19041 (10.0.19041.2546)
Time: Tue Apr 11 19:34:44 2023 ora legale Europa occidentale elapsed time: 0.069049 seconds (0d 0h 0m 0s)

---------------  T H R E A D  ---------------

Current thread (0x00000198f0d28df0):  JavaThread "Thread-0" [_thread_in_native, id=22932, stack(0x0000009787500000,0x0000009787600000)]

Stack: [0x0000009787500000,0x0000009787600000],  sp=0x00000097875ff138,  free space=1020k
Native frames: (J=compiled Java code, j=interpreted, Vv=VM code, C=native code)

Java frames: (J=compiled Java code, j=interpreted, Vv=VM code)
j  moonaframework.base.Moona.nativeInterrupt()V+0
j  moonaframework.base.Moona.interrupt()V+108
j  moonaframework.base.Moona.lambda$0()V+6
j  moonaframework.base.Moona$$Lambda$1+0x00000008010021e0.run()V+0
j  java.lang.Thread.run()V+13 java.base@19.0.1
v  ~StubRoutines::call_stub 0x00000198d8d3100e

siginfo: EXCEPTION_ACCESS_VIOLATION (0xc0000005), data execution prevention violation at address 0x0000000000000000


Registers:
RAX=0x00000097862ff6c0, RBX=0x00000198f0d002b0, RCX=0x00000198c98967d0, RDX=0x00000198c98967d0
RSP=0x00000097875ff138, RBP=0x00000000000003d8, RSI=0x00000198c782cff0, RDI=0x00000198c98967d0
R8 =0x00000198f0cffb30, R9 =0x0000000000000001, R10=0x0000000000008000, R11=0x00000097875ff010
R12=0x0000000000000000, R13=0x00000198ed001380, R14=0x00000198c782d000, R15=0x00000198c782d3d8
RIP=0x0000000000000000, EFLAGS=0x0000000000010246


Register to memory mapping:

RIP=0x0 is NULL
RAX=0x00000097862ff6c0 is pointing into the stack for thread: 0x00000198c98967d0
RBX=0x00000198f0d002b0 points into unknown readable memory: 0x0000019800000002 | 02 00 00 00 98 01 00 00
RCX=0x00000198c98967d0 is a thread
RDX=0x00000198c98967d0 is a thread
RSP=0x00000097875ff138 is pointing into the stack for thread: 0x00000198f0d28df0
RBP=0x00000000000003d8 is an unknown value
RSI=0x00000198c782cff0 points into unknown readable memory: 0x0000000000000000 | 00 00 00 00 00 00 00 00
RDI=0x00000198c98967d0 is a thread
R8 =0x00000198f0cffb30 points into unknown readable memory: 0x0000019800000002 | 02 00 00 00 98 01 00 00
R9 =0x0000000000000001 is an unknown value
R10=0x0000000000008000 is an unknown value
R11=0x00000097875ff010 is pointing into the stack for thread: 0x00000198f0d28df0
R12=0x0 is NULL
R13={method} {0x00000198ed001388} 'nativeInterrupt' '()V' in 'moonaframework/base/Moona'
R14=0x00000198c782d000 points into unknown readable memory: 0x0000000c00000000 | 00 00 00 00 0c 00 00 00
R15=0x00000198c782d3d8 points into unknown readable memory: 0x10006335b09c7a27 | 27 7a 9c b0 35 63 00 10


Top of Stack: (sp=0x00000097875ff138)
0x00000097875ff138:   00007fff42de7928 00000198f0d002b0
0x00000097875ff148:   00000097875ff1f0 00000198c782cff0
0x00000097875ff158:   00000097875ff910 00000198f0d28d01
0x00000097875ff168:   00007fffaffe4f00 00000198c98967d0
0x00000097875ff178:   00000198f0cffb30 00000198c9896d10
0x00000097875ff188:   00000198c9896d28 00000198c9896df8
0x00000097875ff198:   00000000000000d8 00000097862ff6c0
0x00000097875ff1a8:   00000097875ff350 00000198f0d28df0
0x00000097875ff1b8:   00000097875ff350 00000097875ff918
0x00000097875ff1c8:   00007ffff5a7476d 00000198f0cfd930
0x00000097875ff1d8:   00000097875ff1f0 00000097875ff910
0x00000097875ff1e8:   00000198f0cfd930 00000097875ff220
0x00000097875ff1f8:   00007ffff5a72180 00000198c98967d0
0x00000097875ff208:   00007fff42c851f7 000068c58d61d98b
0x00000097875ff218:   00000097875ff260 00000097875ff250
0x00000097875ff228:   00007ffff5a71ffb 00000198f0cfd930 

Instructions: (pc=0x0000000000000000)
0xffffffffffffff00:   


Stack slot to memory mapping:
stack at sp + 0 slots: 0x00007fff42de7928 jvm.dll
stack at sp + 1 slots: 0x00000198f0d002b0 points into unknown readable memory: 0x0000019800000002 | 02 00 00 00 98 01 00 00
stack at sp + 2 slots: 0x00000097875ff1f0 is pointing into the stack for thread: 0x00000198f0d28df0
stack at sp + 3 slots: 0x00000198c782cff0 points into unknown readable memory: 0x0000000000000000 | 00 00 00 00 00 00 00 00
stack at sp + 4 slots: 0x00000097875ff910 is pointing into the stack for thread: 0x00000198f0d28df0
stack at sp + 5 slots: 0x00000198f0d28d01 points into unknown readable memory: 00 00 00 00 00 00 00
stack at sp + 6 slots: 0x00007fffaffe4f00 libstdc++-6.dll
stack at sp + 7 slots: 0x00000198c98967d0 is a thread


---------------  P R O C E S S  ---------------

Threads class SMR info:
_java_thread_list=0x00000198f0d09f60, length=13, elements={
0x00000198ec874800, 0x00000198ec875d90, 0x00000198ec87bc80, 0x00000198ec87d5c0,
0x00000198ec87e690, 0x00000198ec8818f0, 0x00000198ec88d920, 0x00000198ec88dea0,
0x00000198ec894780, 0x00000198f0cec5b0, 0x00000198f0cf81b0, 0x00000198c98967d0,
0x00000198f0d28df0
}

Java Threads: ( => current thread )
  0x00000198ec874800 JavaThread "Reference Handler" daemon [_thread_blocked, id=33592, stack(0x0000009786900000,0x0000009786a00000)]
  0x00000198ec875d90 JavaThread "Finalizer" daemon [_thread_blocked, id=17524, stack(0x0000009786a00000,0x0000009786b00000)]
  0x00000198ec87bc80 JavaThread "Signal Dispatcher" daemon [_thread_blocked, id=16652, stack(0x0000009786b00000,0x0000009786c00000)]
  0x00000198ec87d5c0 JavaThread "Attach Listener" daemon [_thread_blocked, id=19872, stack(0x0000009786c00000,0x0000009786d00000)]
  0x00000198ec87e690 JavaThread "Service Thread" daemon [_thread_blocked, id=7200, stack(0x0000009786d00000,0x0000009786e00000)]
  0x00000198ec8818f0 JavaThread "Monitor Deflation Thread" daemon [_thread_blocked, id=14896, stack(0x0000009786e00000,0x0000009786f00000)]
  0x00000198ec88d920 JavaThread "C2 CompilerThread0" daemon [_thread_blocked, id=30216, stack(0x0000009786f00000,0x0000009787000000)]
  0x00000198ec88dea0 JavaThread "C1 CompilerThread0" daemon [_thread_blocked, id=8648, stack(0x0000009787000000,0x0000009787100000)]
  0x00000198ec894780 JavaThread "Sweeper thread" daemon [_thread_blocked, id=23200, stack(0x0000009787100000,0x0000009787200000)]
  0x00000198f0cec5b0 JavaThread "Notification Thread" daemon [_thread_blocked, id=6876, stack(0x0000009787200000,0x0000009787300000)]
  0x00000198f0cf81b0 JavaThread "Common-Cleaner" daemon [_thread_blocked, id=30092, stack(0x0000009787400000,0x0000009787500000)]
  0x00000198c98967d0 JavaThread "DestroyJavaVM" [_thread_in_vm, id=14808, stack(0x0000009786200000,0x0000009786300000)]
=>0x00000198f0d28df0 JavaThread "Thread-0" [_thread_in_native, id=22932, stack(0x0000009787500000,0x0000009787600000)]

Other Threads:
  0x00000198ec8591e0 VMThread "VM Thread" [stack: 0x0000009786800000,0x0000009786900000] [id=35204]
  0x00000198f0cf6f20 WatcherThread "VM Periodic Task Thread" [stack: 0x0000009787300000,0x0000009787400000] [id=22848]
  0x00000198c9904770 WorkerThread "GC Thread#0" [stack: 0x0000009786300000,0x0000009786400000] [id=36980]
  0x00000198c9916df0 ConcurrentGCThread "G1 Main Marker" [stack: 0x0000009786400000,0x0000009786500000] [id=32836]
  0x00000198c9917730 WorkerThread "G1 Conc#0" [stack: 0x0000009786500000,0x0000009786600000] [id=3664]
  0x00000198ec714560 ConcurrentGCThread "G1 Refine#0" [stack: 0x0000009786600000,0x0000009786700000] [id=16788]
  0x00000198ec714eb0 ConcurrentGCThread "G1 Service" [stack: 0x0000009786700000,0x0000009786800000] [id=30636]

Threads with active compile tasks:

VM state: not at safepoint (normal execution)

VM Mutex/Monitor currently owned by a thread: None

Heap address: 0x0000000701400000, size: 4076 MB, Compressed Oops mode: Zero based, Oop shift amount: 3

CDS archive(s) mapped at: [0x0000000800000000-0x0000000800c40000-0x0000000800c40000), size 12845056, SharedBaseAddress: 0x0000000800000000, ArchiveRelocationMode: 0.
Compressed class space mapped at: 0x0000000801000000-0x0000000841000000, reserved size: 1073741824
Narrow klass base: 0x0000000800000000, Narrow klass shift: 0, Narrow klass range: 0x100000000

GC Precious Log:
 CardTable entry size: 512
 Card Set container configuration: InlinePtr #cards 4 size 8 Array Of Cards #cards 16 size 48 Howl #buckets 8 coarsen threshold 3686 Howl Bitmap #cards 512 size 80 coarsen threshold 460 Card regions per heap region 1 cards per card region 4096
 CPUs: 6 total, 6 available
 Memory: 16301M
 Large Page Support: Disabled
 NUMA Support: Disabled
 Compressed Oops: Enabled (Zero based)
 Heap Region Size: 2M
 Heap Min Capacity: 8M
 Heap Initial Capacity: 256M
 Heap Max Capacity: 4076M
 Pre-touch: Disabled
 Parallel Workers: 6
 Concurrent Workers: 2
 Concurrent Refinement Workers: 6
 Periodic GC: Disabled

Heap:
 garbage-first heap   total 262144K, used 2048K [0x0000000701400000, 0x0000000800000000)
  region size 2048K, 2 young (4096K), 0 survivors (0K)
 Metaspace       used 354K, committed 512K, reserved 1114112K
  class space    used 31K, committed 128K, reserved 1048576K

Heap Regions: E=young(eden), S=young(survivor), O=old, HS=humongous(starts), HC=humongous(continues), CS=collection set, F=free, OA=open archive, CA=closed archive, TAMS=top-at-mark-start (previous, next)
|   0|0x0000000701400000, 0x0000000701400000, 0x0000000701600000|  0%| F|  |TAMS 0x0000000701400000, 0x0000000701400000| Untracked 
|   1|0x0000000701600000, 0x0000000701600000, 0x0000000701800000|  0%| F|  |TAMS 0x0000000701600000, 0x0000000701600000| Untracked 
|   2|0x0000000701800000, 0x0000000701800000, 0x0000000701a00000|  0%| F|  |TAMS 0x0000000701800000, 0x0000000701800000| Untracked 
|   3|0x0000000701a00000, 0x0000000701a00000, 0x0000000701c00000|  0%| F|  |TAMS 0x0000000701a00000, 0x0000000701a00000| Untracked 
|   4|0x0000000701c00000, 0x0000000701c00000, 0x0000000701e00000|  0%| F|  |TAMS 0x0000000701c00000, 0x0000000701c00000| Untracked 
|   5|0x0000000701e00000, 0x0000000701e00000, 0x0000000702000000|  0%| F|  |TAMS 0x0000000701e00000, 0x0000000701e00000| Untracked 
|   6|0x0000000702000000, 0x0000000702000000, 0x0000000702200000|  0%| F|  |TAMS 0x0000000702000000, 0x0000000702000000| Untracked 
|   7|0x0000000702200000, 0x0000000702200000, 0x0000000702400000|  0%| F|  |TAMS 0x0000000702200000, 0x0000000702200000| Untracked 
|   8|0x0000000702400000, 0x0000000702400000, 0x0000000702600000|  0%| F|  |TAMS 0x0000000702400000, 0x0000000702400000| Untracked 
|   9|0x0000000702600000, 0x0000000702600000, 0x0000000702800000|  0%| F|  |TAMS 0x0000000702600000, 0x0000000702600000| Untracked 
|  10|0x0000000702800000, 0x0000000702800000, 0x0000000702a00000|  0%| F|  |TAMS 0x0000000702800000, 0x0000000702800000| Untracked 
|  11|0x0000000702a00000, 0x0000000702a00000, 0x0000000702c00000|  0%| F|  |TAMS 0x0000000702a00000, 0x0000000702a00000| Untracked 
|  12|0x0000000702c00000, 0x0000000702c00000, 0x0000000702e00000|  0%| F|  |TAMS 0x0000000702c00000, 0x0000000702c00000| Untracked 
|  13|0x0000000702e00000, 0x0000000702e00000, 0x0000000703000000|  0%| F|  |TAMS 0x0000000702e00000, 0x0000000702e00000| Untracked 
|  14|0x0000000703000000, 0x0000000703000000, 0x0000000703200000|  0%| F|  |TAMS 0x0000000703000000, 0x0000000703000000| Untracked 
|  15|0x0000000703200000, 0x0000000703200000, 0x0000000703400000|  0%| F|  |TAMS 0x0000000703200000, 0x0000000703200000| Untracked 
|  16|0x0000000703400000, 0x0000000703400000, 0x0000000703600000|  0%| F|  |TAMS 0x0000000703400000, 0x0000000703400000| Untracked 
|  17|0x0000000703600000, 0x0000000703600000, 0x0000000703800000|  0%| F|  |TAMS 0x0000000703600000, 0x0000000703600000| Untracked 
|  18|0x0000000703800000, 0x0000000703800000, 0x0000000703a00000|  0%| F|  |TAMS 0x0000000703800000, 0x0000000703800000| Untracked 
|  19|0x0000000703a00000, 0x0000000703a00000, 0x0000000703c00000|  0%| F|  |TAMS 0x0000000703a00000, 0x0000000703a00000| Untracked 
|  20|0x0000000703c00000, 0x0000000703c00000, 0x0000000703e00000|  0%| F|  |TAMS 0x0000000703c00000, 0x0000000703c00000| Untracked 
|  21|0x0000000703e00000, 0x0000000703e00000, 0x0000000704000000|  0%| F|  |TAMS 0x0000000703e00000, 0x0000000703e00000| Untracked 
|  22|0x0000000704000000, 0x0000000704000000, 0x0000000704200000|  0%| F|  |TAMS 0x0000000704000000, 0x0000000704000000| Untracked 
|  23|0x0000000704200000, 0x0000000704200000, 0x0000000704400000|  0%| F|  |TAMS 0x0000000704200000, 0x0000000704200000| Untracked 
|  24|0x0000000704400000, 0x0000000704400000, 0x0000000704600000|  0%| F|  |TAMS 0x0000000704400000, 0x0000000704400000| Untracked 
|  25|0x0000000704600000, 0x0000000704600000, 0x0000000704800000|  0%| F|  |TAMS 0x0000000704600000, 0x0000000704600000| Untracked 
|  26|0x0000000704800000, 0x0000000704800000, 0x0000000704a00000|  0%| F|  |TAMS 0x0000000704800000, 0x0000000704800000| Untracked 
|  27|0x0000000704a00000, 0x0000000704a00000, 0x0000000704c00000|  0%| F|  |TAMS 0x0000000704a00000, 0x0000000704a00000| Untracked 
|  28|0x0000000704c00000, 0x0000000704c00000, 0x0000000704e00000|  0%| F|  |TAMS 0x0000000704c00000, 0x0000000704c00000| Untracked 
|  29|0x0000000704e00000, 0x0000000704e00000, 0x0000000705000000|  0%| F|  |TAMS 0x0000000704e00000, 0x0000000704e00000| Untracked 
|  30|0x0000000705000000, 0x0000000705000000, 0x0000000705200000|  0%| F|  |TAMS 0x0000000705000000, 0x0000000705000000| Untracked 
|  31|0x0000000705200000, 0x0000000705200000, 0x0000000705400000|  0%| F|  |TAMS 0x0000000705200000, 0x0000000705200000| Untracked 
|  32|0x0000000705400000, 0x0000000705400000, 0x0000000705600000|  0%| F|  |TAMS 0x0000000705400000, 0x0000000705400000| Untracked 
|  33|0x0000000705600000, 0x0000000705600000, 0x0000000705800000|  0%| F|  |TAMS 0x0000000705600000, 0x0000000705600000| Untracked 
|  34|0x0000000705800000, 0x0000000705800000, 0x0000000705a00000|  0%| F|  |TAMS 0x0000000705800000, 0x0000000705800000| Untracked 
|  35|0x0000000705a00000, 0x0000000705a00000, 0x0000000705c00000|  0%| F|  |TAMS 0x0000000705a00000, 0x0000000705a00000| Untracked 
|  36|0x0000000705c00000, 0x0000000705c00000, 0x0000000705e00000|  0%| F|  |TAMS 0x0000000705c00000, 0x0000000705c00000| Untracked 
|  37|0x0000000705e00000, 0x0000000705e00000, 0x0000000706000000|  0%| F|  |TAMS 0x0000000705e00000, 0x0000000705e00000| Untracked 
|  38|0x0000000706000000, 0x0000000706000000, 0x0000000706200000|  0%| F|  |TAMS 0x0000000706000000, 0x0000000706000000| Untracked 
|  39|0x0000000706200000, 0x0000000706200000, 0x0000000706400000|  0%| F|  |TAMS 0x0000000706200000, 0x0000000706200000| Untracked 
|  40|0x0000000706400000, 0x0000000706400000, 0x0000000706600000|  0%| F|  |TAMS 0x0000000706400000, 0x0000000706400000| Untracked 
|  41|0x0000000706600000, 0x0000000706600000, 0x0000000706800000|  0%| F|  |TAMS 0x0000000706600000, 0x0000000706600000| Untracked 
|  42|0x0000000706800000, 0x0000000706800000, 0x0000000706a00000|  0%| F|  |TAMS 0x0000000706800000, 0x0000000706800000| Untracked 
|  43|0x0000000706a00000, 0x0000000706a00000, 0x0000000706c00000|  0%| F|  |TAMS 0x0000000706a00000, 0x0000000706a00000| Untracked 
|  44|0x0000000706c00000, 0x0000000706c00000, 0x0000000706e00000|  0%| F|  |TAMS 0x0000000706c00000, 0x0000000706c00000| Untracked 
|  45|0x0000000706e00000, 0x0000000706e00000, 0x0000000707000000|  0%| F|  |TAMS 0x0000000706e00000, 0x0000000706e00000| Untracked 
|  46|0x0000000707000000, 0x0000000707000000, 0x0000000707200000|  0%| F|  |TAMS 0x0000000707000000, 0x0000000707000000| Untracked 
|  47|0x0000000707200000, 0x0000000707200000, 0x0000000707400000|  0%| F|  |TAMS 0x0000000707200000, 0x0000000707200000| Untracked 
|  48|0x0000000707400000, 0x0000000707400000, 0x0000000707600000|  0%| F|  |TAMS 0x0000000707400000, 0x0000000707400000| Untracked 
|  49|0x0000000707600000, 0x0000000707600000, 0x0000000707800000|  0%| F|  |TAMS 0x0000000707600000, 0x0000000707600000| Untracked 
|  50|0x0000000707800000, 0x0000000707800000, 0x0000000707a00000|  0%| F|  |TAMS 0x0000000707800000, 0x0000000707800000| Untracked 
|  51|0x0000000707a00000, 0x0000000707a00000, 0x0000000707c00000|  0%| F|  |TAMS 0x0000000707a00000, 0x0000000707a00000| Untracked 
|  52|0x0000000707c00000, 0x0000000707c00000, 0x0000000707e00000|  0%| F|  |TAMS 0x0000000707c00000, 0x0000000707c00000| Untracked 
|  53|0x0000000707e00000, 0x0000000707e00000, 0x0000000708000000|  0%| F|  |TAMS 0x0000000707e00000, 0x0000000707e00000| Untracked 
|  54|0x0000000708000000, 0x0000000708000000, 0x0000000708200000|  0%| F|  |TAMS 0x0000000708000000, 0x0000000708000000| Untracked 
|  55|0x0000000708200000, 0x0000000708200000, 0x0000000708400000|  0%| F|  |TAMS 0x0000000708200000, 0x0000000708200000| Untracked 
|  56|0x0000000708400000, 0x0000000708400000, 0x0000000708600000|  0%| F|  |TAMS 0x0000000708400000, 0x0000000708400000| Untracked 
|  57|0x0000000708600000, 0x0000000708600000, 0x0000000708800000|  0%| F|  |TAMS 0x0000000708600000, 0x0000000708600000| Untracked 
|  58|0x0000000708800000, 0x0000000708800000, 0x0000000708a00000|  0%| F|  |TAMS 0x0000000708800000, 0x0000000708800000| Untracked 
|  59|0x0000000708a00000, 0x0000000708a00000, 0x0000000708c00000|  0%| F|  |TAMS 0x0000000708a00000, 0x0000000708a00000| Untracked 
|  60|0x0000000708c00000, 0x0000000708c00000, 0x0000000708e00000|  0%| F|  |TAMS 0x0000000708c00000, 0x0000000708c00000| Untracked 
|  61|0x0000000708e00000, 0x0000000708e00000, 0x0000000709000000|  0%| F|  |TAMS 0x0000000708e00000, 0x0000000708e00000| Untracked 
|  62|0x0000000709000000, 0x0000000709000000, 0x0000000709200000|  0%| F|  |TAMS 0x0000000709000000, 0x0000000709000000| Untracked 
|  63|0x0000000709200000, 0x0000000709200000, 0x0000000709400000|  0%| F|  |TAMS 0x0000000709200000, 0x0000000709200000| Untracked 
|  64|0x0000000709400000, 0x0000000709400000, 0x0000000709600000|  0%| F|  |TAMS 0x0000000709400000, 0x0000000709400000| Untracked 
|  65|0x0000000709600000, 0x0000000709600000, 0x0000000709800000|  0%| F|  |TAMS 0x0000000709600000, 0x0000000709600000| Untracked 
|  66|0x0000000709800000, 0x0000000709800000, 0x0000000709a00000|  0%| F|  |TAMS 0x0000000709800000, 0x0000000709800000| Untracked 
|  67|0x0000000709a00000, 0x0000000709a00000, 0x0000000709c00000|  0%| F|  |TAMS 0x0000000709a00000, 0x0000000709a00000| Untracked 
|  68|0x0000000709c00000, 0x0000000709c00000, 0x0000000709e00000|  0%| F|  |TAMS 0x0000000709c00000, 0x0000000709c00000| Untracked 
|  69|0x0000000709e00000, 0x0000000709e00000, 0x000000070a000000|  0%| F|  |TAMS 0x0000000709e00000, 0x0000000709e00000| Untracked 
|  70|0x000000070a000000, 0x000000070a000000, 0x000000070a200000|  0%| F|  |TAMS 0x000000070a000000, 0x000000070a000000| Untracked 
|  71|0x000000070a200000, 0x000000070a200000, 0x000000070a400000|  0%| F|  |TAMS 0x000000070a200000, 0x000000070a200000| Untracked 
|  72|0x000000070a400000, 0x000000070a400000, 0x000000070a600000|  0%| F|  |TAMS 0x000000070a400000, 0x000000070a400000| Untracked 
|  73|0x000000070a600000, 0x000000070a600000, 0x000000070a800000|  0%| F|  |TAMS 0x000000070a600000, 0x000000070a600000| Untracked 
|  74|0x000000070a800000, 0x000000070a800000, 0x000000070aa00000|  0%| F|  |TAMS 0x000000070a800000, 0x000000070a800000| Untracked 
|  75|0x000000070aa00000, 0x000000070aa00000, 0x000000070ac00000|  0%| F|  |TAMS 0x000000070aa00000, 0x000000070aa00000| Untracked 
|  76|0x000000070ac00000, 0x000000070ac00000, 0x000000070ae00000|  0%| F|  |TAMS 0x000000070ac00000, 0x000000070ac00000| Untracked 
|  77|0x000000070ae00000, 0x000000070ae00000, 0x000000070b000000|  0%| F|  |TAMS 0x000000070ae00000, 0x000000070ae00000| Untracked 
|  78|0x000000070b000000, 0x000000070b000000, 0x000000070b200000|  0%| F|  |TAMS 0x000000070b000000, 0x000000070b000000| Untracked 
|  79|0x000000070b200000, 0x000000070b200000, 0x000000070b400000|  0%| F|  |TAMS 0x000000070b200000, 0x000000070b200000| Untracked 
|  80|0x000000070b400000, 0x000000070b400000, 0x000000070b600000|  0%| F|  |TAMS 0x000000070b400000, 0x000000070b400000| Untracked 
|  81|0x000000070b600000, 0x000000070b600000, 0x000000070b800000|  0%| F|  |TAMS 0x000000070b600000, 0x000000070b600000| Untracked 
|  82|0x000000070b800000, 0x000000070b800000, 0x000000070ba00000|  0%| F|  |TAMS 0x000000070b800000, 0x000000070b800000| Untracked 
|  83|0x000000070ba00000, 0x000000070ba00000, 0x000000070bc00000|  0%| F|  |TAMS 0x000000070ba00000, 0x000000070ba00000| Untracked 
|  84|0x000000070bc00000, 0x000000070bc00000, 0x000000070be00000|  0%| F|  |TAMS 0x000000070bc00000, 0x000000070bc00000| Untracked 
|  85|0x000000070be00000, 0x000000070be00000, 0x000000070c000000|  0%| F|  |TAMS 0x000000070be00000, 0x000000070be00000| Untracked 
|  86|0x000000070c000000, 0x000000070c000000, 0x000000070c200000|  0%| F|  |TAMS 0x000000070c000000, 0x000000070c000000| Untracked 
|  87|0x000000070c200000, 0x000000070c200000, 0x000000070c400000|  0%| F|  |TAMS 0x000000070c200000, 0x000000070c200000| Untracked 
|  88|0x000000070c400000, 0x000000070c400000, 0x000000070c600000|  0%| F|  |TAMS 0x000000070c400000, 0x000000070c400000| Untracked 
|  89|0x000000070c600000, 0x000000070c600000, 0x000000070c800000|  0%| F|  |TAMS 0x000000070c600000, 0x000000070c600000| Untracked 
|  90|0x000000070c800000, 0x000000070c800000, 0x000000070ca00000|  0%| F|  |TAMS 0x000000070c800000, 0x000000070c800000| Untracked 
|  91|0x000000070ca00000, 0x000000070ca00000, 0x000000070cc00000|  0%| F|  |TAMS 0x000000070ca00000, 0x000000070ca00000| Untracked 
|  92|0x000000070cc00000, 0x000000070cc00000, 0x000000070ce00000|  0%| F|  |TAMS 0x000000070cc00000, 0x000000070cc00000| Untracked 
|  93|0x000000070ce00000, 0x000000070ce00000, 0x000000070d000000|  0%| F|  |TAMS 0x000000070ce00000, 0x000000070ce00000| Untracked 
|  94|0x000000070d000000, 0x000000070d000000, 0x000000070d200000|  0%| F|  |TAMS 0x000000070d000000, 0x000000070d000000| Untracked 
|  95|0x000000070d200000, 0x000000070d200000, 0x000000070d400000|  0%| F|  |TAMS 0x000000070d200000, 0x000000070d200000| Untracked 
|  96|0x000000070d400000, 0x000000070d400000, 0x000000070d600000|  0%| F|  |TAMS 0x000000070d400000, 0x000000070d400000| Untracked 
|  97|0x000000070d600000, 0x000000070d600000, 0x000000070d800000|  0%| F|  |TAMS 0x000000070d600000, 0x000000070d600000| Untracked 
|  98|0x000000070d800000, 0x000000070d800000, 0x000000070da00000|  0%| F|  |TAMS 0x000000070d800000, 0x000000070d800000| Untracked 
|  99|0x000000070da00000, 0x000000070da00000, 0x000000070dc00000|  0%| F|  |TAMS 0x000000070da00000, 0x000000070da00000| Untracked 
| 100|0x000000070dc00000, 0x000000070dc00000, 0x000000070de00000|  0%| F|  |TAMS 0x000000070dc00000, 0x000000070dc00000| Untracked 
| 101|0x000000070de00000, 0x000000070de00000, 0x000000070e000000|  0%| F|  |TAMS 0x000000070de00000, 0x000000070de00000| Untracked 
| 102|0x000000070e000000, 0x000000070e000000, 0x000000070e200000|  0%| F|  |TAMS 0x000000070e000000, 0x000000070e000000| Untracked 
| 103|0x000000070e200000, 0x000000070e200000, 0x000000070e400000|  0%| F|  |TAMS 0x000000070e200000, 0x000000070e200000| Untracked 
| 104|0x000000070e400000, 0x000000070e400000, 0x000000070e600000|  0%| F|  |TAMS 0x000000070e400000, 0x000000070e400000| Untracked 
| 105|0x000000070e600000, 0x000000070e600000, 0x000000070e800000|  0%| F|  |TAMS 0x000000070e600000, 0x000000070e600000| Untracked 
| 106|0x000000070e800000, 0x000000070e800000, 0x000000070ea00000|  0%| F|  |TAMS 0x000000070e800000, 0x000000070e800000| Untracked 
| 107|0x000000070ea00000, 0x000000070ea00000, 0x000000070ec00000|  0%| F|  |TAMS 0x000000070ea00000, 0x000000070ea00000| Untracked 
| 108|0x000000070ec00000, 0x000000070ec00000, 0x000000070ee00000|  0%| F|  |TAMS 0x000000070ec00000, 0x000000070ec00000| Untracked 
| 109|0x000000070ee00000, 0x000000070ee00000, 0x000000070f000000|  0%| F|  |TAMS 0x000000070ee00000, 0x000000070ee00000| Untracked 
| 110|0x000000070f000000, 0x000000070f000000, 0x000000070f200000|  0%| F|  |TAMS 0x000000070f000000, 0x000000070f000000| Untracked 
| 111|0x000000070f200000, 0x000000070f200000, 0x000000070f400000|  0%| F|  |TAMS 0x000000070f200000, 0x000000070f200000| Untracked 
| 112|0x000000070f400000, 0x000000070f400000, 0x000000070f600000|  0%| F|  |TAMS 0x000000070f400000, 0x000000070f400000| Untracked 
| 113|0x000000070f600000, 0x000000070f600000, 0x000000070f800000|  0%| F|  |TAMS 0x000000070f600000, 0x000000070f600000| Untracked 
| 114|0x000000070f800000, 0x000000070f800000, 0x000000070fa00000|  0%| F|  |TAMS 0x000000070f800000, 0x000000070f800000| Untracked 
| 115|0x000000070fa00000, 0x000000070fa00000, 0x000000070fc00000|  0%| F|  |TAMS 0x000000070fa00000, 0x000000070fa00000| Untracked 
| 116|0x000000070fc00000, 0x000000070fc00000, 0x000000070fe00000|  0%| F|  |TAMS 0x000000070fc00000, 0x000000070fc00000| Untracked 
| 117|0x000000070fe00000, 0x000000070fe00000, 0x0000000710000000|  0%| F|  |TAMS 0x000000070fe00000, 0x000000070fe00000| Untracked 
| 118|0x0000000710000000, 0x0000000710000000, 0x0000000710200000|  0%| F|  |TAMS 0x0000000710000000, 0x0000000710000000| Untracked 
| 119|0x0000000710200000, 0x0000000710200000, 0x0000000710400000|  0%| F|  |TAMS 0x0000000710200000, 0x0000000710200000| Untracked 
| 120|0x0000000710400000, 0x0000000710400000, 0x0000000710600000|  0%| F|  |TAMS 0x0000000710400000, 0x0000000710400000| Untracked 
| 121|0x0000000710600000, 0x0000000710600000, 0x0000000710800000|  0%| F|  |TAMS 0x0000000710600000, 0x0000000710600000| Untracked 
| 122|0x0000000710800000, 0x0000000710800000, 0x0000000710a00000|  0%| F|  |TAMS 0x0000000710800000, 0x0000000710800000| Untracked 
| 123|0x0000000710a00000, 0x0000000710a00000, 0x0000000710c00000|  0%| F|  |TAMS 0x0000000710a00000, 0x0000000710a00000| Untracked 
| 124|0x0000000710c00000, 0x0000000710c00000, 0x0000000710e00000|  0%| F|  |TAMS 0x0000000710c00000, 0x0000000710c00000| Untracked 
| 125|0x0000000710e00000, 0x0000000710e00000, 0x0000000711000000|  0%| F|  |TAMS 0x0000000710e00000, 0x0000000710e00000| Untracked 
| 126|0x0000000711000000, 0x000000071119a450, 0x0000000711200000| 80%| E|  |TAMS 0x0000000711000000, 0x0000000711000000| Complete 
| 127|0x0000000711200000, 0x0000000711400000, 0x0000000711400000|100%| E|CS|TAMS 0x0000000711200000, 0x0000000711200000| Complete 

Card table byte_map: [0x00000198e1110000,0x00000198e1910000] _byte_map_base: 0x00000198dd906000

Marking Bits (Prev, Next): (CMBitMap*) 0x00000198c9905cc0, (CMBitMap*) 0x00000198c9905d00
 Prev Bits: [0x00000198e2110000, 0x00000198e60c0000)
 Next Bits: [0x00000198e60c0000, 0x00000198ea070000)

Polling page: 0x00000198c7890000

Metaspace:

Usage:
  Non-class:    323.45 KB used.
      Class:     31.27 KB used.
       Both:    354.73 KB used.

Virtual space:
  Non-class space:       64.00 MB reserved,     384.00 KB ( <1%) committed,  1 nodes.
      Class space:        1.00 GB reserved,     128.00 KB ( <1%) committed,  1 nodes.
             Both:        1.06 GB reserved,     512.00 KB ( <1%) committed. 

Chunk freelists:
   Non-Class:  3.88 MB
       Class:  3.72 MB
        Both:  7.59 MB

MaxMetaspaceSize: unlimited
CompressedClassSpaceSize: 1.00 GB
Initial GC threshold: 21.00 MB
Current GC threshold: 21.00 MB
CDS: on
MetaspaceReclaimPolicy: balanced
 - commit_granule_bytes: 65536.
 - commit_granule_words: 8192.
 - virtual_space_node_default_size: 8388608.
 - enlarge_chunks_in_place: 1.
 - new_chunks_are_fully_committed: 0.
 - uncommit_free_chunks: 1.
 - use_allocation_guard: 0.


Internal statistics:

num_allocs_failed_limit: 0.
num_arena_births: 10.
num_arena_deaths: 0.
num_vsnodes_births: 2.
num_vsnodes_deaths: 0.
num_space_committed: 8.
num_space_uncommitted: 0.
num_chunks_returned_to_freelist: 0.
num_chunks_taken_from_freelist: 25.
num_chunk_merges: 0.
num_chunk_splits: 12.
num_chunks_enlarged: 7.
num_inconsistent_stats: 0.

CodeHeap 'non-profiled nmethods': size=120000Kb used=29Kb max_used=29Kb free=119970Kb
 bounds [0x00000198d92d0000, 0x00000198d9540000, 0x00000198e0800000]
CodeHeap 'profiled nmethods': size=120000Kb used=127Kb max_used=127Kb free=119873Kb
 bounds [0x00000198d1800000, 0x00000198d1a70000, 0x00000198d8d30000]
CodeHeap 'non-nmethods': size=5760Kb used=1170Kb max_used=1184Kb free=4589Kb
 bounds [0x00000198d8d30000, 0x00000198d8fa0000, 0x00000198d92d0000]
 total_blobs=465 nmethods=107 adapters=269
 compilation: enabled
              stopped_count=0, restarted_count=0
 full_count=0

Compilation events (20 events):
Event: 0.059 Thread 0x00000198ec88d920 nmethod 94 0x00000198d92d6690 code [0x00000198d92d6820, 0x00000198d92d6928]
Event: 0.059 Thread 0x00000198ec88dea0 nmethod 97 0x00000198d181b490 code [0x00000198d181b620, 0x00000198d181b738]
Event: 0.060 Thread 0x00000198ec88dea0   98       3       java.lang.String::startsWith (138 bytes)
Event: 0.060 Thread 0x00000198ec88dea0 nmethod 98 0x00000198d181b810 code [0x00000198d181ba40, 0x00000198d181c2d8]
Event: 0.061 Thread 0x00000198ec88dea0   99       3       java.lang.String::substring (58 bytes)
Event: 0.061 Thread 0x00000198ec88dea0 nmethod 99 0x00000198d181c590 code [0x00000198d181c7a0, 0x00000198d181cda8]
Event: 0.061 Thread 0x00000198ec88dea0  100       3       java.lang.StringLatin1::replace (198 bytes)
Event: 0.062 Thread 0x00000198ec88dea0 nmethod 100 0x00000198d181d010 code [0x00000198d181d2a0, 0x00000198d181e028]
Event: 0.062 Thread 0x00000198ec88dea0  101       3       java.lang.StringConcatHelper::stringOf (20 bytes)
Event: 0.062 Thread 0x00000198ec88dea0 nmethod 101 0x00000198d181e510 code [0x00000198d181e6c0, 0x00000198d181e908]
Event: 0.062 Thread 0x00000198ec88dea0  104       3       jdk.internal.misc.Unsafe::putReferenceRelease (9 bytes)
Event: 0.062 Thread 0x00000198ec88dea0 nmethod 104 0x00000198d181ea10 code [0x00000198d181eba0, 0x00000198d181ecf8]
Event: 0.062 Thread 0x00000198ec88dea0  102       3       java.lang.StringConcatHelper::mix (27 bytes)
Event: 0.062 Thread 0x00000198ec88dea0 nmethod 102 0x00000198d181ed90 code [0x00000198d181ef60, 0x00000198d181f368]
Event: 0.062 Thread 0x00000198ec88dea0  105       1       java.net.URL::getProtocol (5 bytes)
Event: 0.063 Thread 0x00000198ec88dea0 nmethod 105 0x00000198d92d6e90 code [0x00000198d92d7020, 0x00000198d92d70f8]
Event: 0.063 Thread 0x00000198ec88dea0  106       3       java.lang.StringLatin1::lastIndexOf (40 bytes)
Event: 0.063 Thread 0x00000198ec88dea0 nmethod 106 0x00000198d181f510 code [0x00000198d181f6e0, 0x00000198d181fad8]
Event: 0.063 Thread 0x00000198ec88dea0  107       1       java.security.ProtectionDomain::getCodeSource (5 bytes)
Event: 0.063 Thread 0x00000198ec88dea0 nmethod 107 0x00000198d92d7190 code [0x00000198d92d7320, 0x00000198d92d73f8]

GC Heap History (0 events):
No events

Dll operation events (3 events):
Event: 0.007 Loaded shared library C:\Program Files\Java\jdk-19.0.1\bin\java.dll
Event: 0.014 Loaded shared library C:\Program Files\Java\jdk-19.0.1\bin\jsvml.dll
Event: 0.052 Loaded shared library H:\Moona\java\lib\shared\Moona.dll

Deoptimization events (0 events):
No events

Classes loaded (8 events):
Event: 0.037 Loading class jdk/internal/loader/URLClassPath$FileLoader
Event: 0.037 Loading class jdk/internal/loader/URLClassPath$FileLoader done
Event: 0.037 Loading class jdk/internal/loader/URLClassPath$FileLoader$1
Event: 0.037 Loading class jdk/internal/loader/URLClassPath$FileLoader$1 done
Event: 0.055 Loading class java/lang/Thread$ThreadNumbering
Event: 0.055 Loading class java/lang/Thread$ThreadNumbering done
Event: 0.062 Loading class java/lang/InterruptedException
Event: 0.062 Loading class java/lang/InterruptedException done

Classes unloaded (0 events):
No events

Classes redefined (0 events):
No events

Internal exceptions (2 events):
Event: 0.044 Thread 0x00000198c98967d0 Exception <a 'java/lang/NoSuchMethodError'{0x000000071136ecd8}: 'void java.lang.invoke.DirectMethodHandle$Holder.invokeStaticInit(java.lang.Object)'> (0x000000071136ecd8) 
thrown [s\open\src\hotspot\share\interpreter\linkResolver.cpp, line 774]
Event: 0.054 Thread 0x00000198c98967d0 Exception <a 'java/lang/NoSuchMethodError'{0x00000007113949d0}: 'void java.lang.invoke.DirectMethodHandle$Holder.invokeStatic(java.lang.Object, java.lang.Object)'> (0x00000007113949d0) 
thrown [s\open\src\hotspot\share\interpreter\linkResolver.cpp, line 774]

VM Operations (0 events):
No events

Events (15 events):
Event: 0.014 Thread 0x00000198c98967d0 Thread added: 0x00000198c98967d0
Event: 0.025 Thread 0x00000198ec874800 Thread added: 0x00000198ec874800
Event: 0.025 Thread 0x00000198ec875d90 Thread added: 0x00000198ec875d90
Event: 0.025 Thread 0x00000198ec87bc80 Thread added: 0x00000198ec87bc80
Event: 0.026 Thread 0x00000198ec87d5c0 Thread added: 0x00000198ec87d5c0
Event: 0.026 Thread 0x00000198ec87e690 Thread added: 0x00000198ec87e690
Event: 0.026 Thread 0x00000198ec8818f0 Thread added: 0x00000198ec8818f0
Event: 0.026 Thread 0x00000198ec88d920 Thread added: 0x00000198ec88d920
Event: 0.026 Thread 0x00000198ec88dea0 Thread added: 0x00000198ec88dea0
Event: 0.026 Thread 0x00000198ec894780 Thread added: 0x00000198ec894780
Event: 0.036 Thread 0x00000198f0cec5b0 Thread added: 0x00000198f0cec5b0
Event: 0.038 Thread 0x00000198f0cf81b0 Thread added: 0x00000198f0cf81b0
Event: 0.055 Thread 0x00000198c98967d0 Thread exited: 0x00000198c98967d0
Event: 0.056 Thread 0x00000198c98967d0 Thread added: 0x00000198c98967d0
Event: 0.056 Thread 0x00000198f0d28df0 Thread added: 0x00000198f0d28df0


Dynamic libraries:
0x00007ff6ee200000 - 0x00007ff6ee210000 	C:\Program Files\Java\jdk-19.0.1\bin\javaw.exe
0x00007ff804f30000 - 0x00007ff805128000 	C:\Windows\SYSTEM32\ntdll.dll
0x00007ff803250000 - 0x00007ff80330f000 	C:\Windows\System32\KERNEL32.DLL
0x00007ff802630000 - 0x00007ff802902000 	C:\Windows\System32\KERNELBASE.dll
0x00007ff802c50000 - 0x00007ff802d50000 	C:\Windows\System32\ucrtbase.dll
0x00007ffff5a90000 - 0x00007ffff5aab000 	C:\Program Files\Java\jdk-19.0.1\bin\VCRUNTIME140.dll
0x00007ffff6de0000 - 0x00007ffff6df8000 	C:\Program Files\Java\jdk-19.0.1\bin\jli.dll
0x00007ff8045e0000 - 0x00007ff80468e000 	C:\Windows\System32\ADVAPI32.dll
0x00007ff803a50000 - 0x00007ff803aee000 	C:\Windows\System32\msvcrt.dll
0x00007ff803130000 - 0x00007ff8031cc000 	C:\Windows\System32\sechost.dll
0x00007ff803310000 - 0x00007ff803434000 	C:\Windows\System32\RPCRT4.dll
0x00007ff8042f0000 - 0x00007ff804491000 	C:\Windows\System32\USER32.dll
0x00007fffe2980000 - 0x00007fffe2c1a000 	C:\Windows\WinSxS\amd64_microsoft.windows.common-controls_6595b64144ccf1df_6.0.19041.1110_none_60b5254171f9507e\COMCTL32.dll
0x00007ff802c20000 - 0x00007ff802c42000 	C:\Windows\System32\win32u.dll
0x00007ff804e90000 - 0x00007ff804ebb000 	C:\Windows\System32\GDI32.dll
0x00007ff802e00000 - 0x00007ff802f0f000 	C:\Windows\System32\gdi32full.dll
0x00007ff802b50000 - 0x00007ff802bed000 	C:\Windows\System32\msvcp_win.dll
0x00007ffffc0d0000 - 0x00007ffffc0da000 	C:\Windows\SYSTEM32\VERSION.dll
0x00007ff804ec0000 - 0x00007ff804ef0000 	C:\Windows\System32\IMM32.DLL
0x00007ffffc240000 - 0x00007ffffc24c000 	C:\Program Files\Java\jdk-19.0.1\bin\vcruntime140_1.dll
0x00007fffc8460000 - 0x00007fffc84ee000 	C:\Program Files\Java\jdk-19.0.1\bin\msvcp140.dll
0x00007fff425e0000 - 0x00007fff432a0000 	C:\Program Files\Java\jdk-19.0.1\bin\server\jvm.dll
0x00007ffff22e0000 - 0x00007ffff22e9000 	C:\Windows\SYSTEM32\WSOCK32.dll
0x00007ffffd4b0000 - 0x00007ffffd4d7000 	C:\Windows\SYSTEM32\WINMM.dll
0x00007ff803f20000 - 0x00007ff803f8b000 	C:\Windows\System32\WS2_32.dll
0x00007ff800ea0000 - 0x00007ff800eb2000 	C:\Windows\SYSTEM32\kernel.appcore.dll
0x00007ffff28c0000 - 0x00007ffff28ca000 	C:\Program Files\Java\jdk-19.0.1\bin\jimage.dll
0x00007ff800220000 - 0x00007ff800404000 	C:\Windows\SYSTEM32\DBGHELP.DLL
0x00007ffff7890000 - 0x00007ffff78c5000 	C:\Windows\SYSTEM32\dbgcore.DLL
0x00007ff802a70000 - 0x00007ff802af2000 	C:\Windows\System32\bcryptPrimitives.dll
0x00007fffdb780000 - 0x00007fffdb7a6000 	C:\Program Files\Java\jdk-19.0.1\bin\java.dll
0x00007fff7c0a0000 - 0x00007fff7c177000 	C:\Program Files\Java\jdk-19.0.1\bin\jsvml.dll
0x00007ff804740000 - 0x00007ff804e85000 	C:\Windows\System32\SHELL32.dll
0x00007ff8006f0000 - 0x00007ff800e82000 	C:\Windows\SYSTEM32\windows.storage.dll
0x00007ff803f90000 - 0x00007ff8042e5000 	C:\Windows\System32\combase.dll
0x00007ff802090000 - 0x00007ff8020c0000 	C:\Windows\SYSTEM32\Wldp.dll
0x00007ff804690000 - 0x00007ff80473d000 	C:\Windows\System32\SHCORE.dll
0x00007ff8031d0000 - 0x00007ff803225000 	C:\Windows\System32\shlwapi.dll
0x00007ff802570000 - 0x00007ff80258f000 	C:\Windows\SYSTEM32\profapi.dll
0x00007ffff5a70000 - 0x00007ffff5a87000 	H:\Moona\java\lib\shared\Moona.dll
0x00007fffb1ba0000 - 0x00007fffb1c2f000 	C:\Program Files\mingw64\bin\libgcc_s_seh-1.dll
0x00007fffafec0000 - 0x00007fffb00bd000 	C:\Program Files\mingw64\bin\libstdc++-6.dll
0x00007ffff1a80000 - 0x00007ffff1a9f000 	C:\Program Files\mingw64\bin\libwinpthread-1.dll

dbghelp: loaded successfully - version: 4.0.5 - missing functions: none
symbol engine: initialized successfully - sym options: 0x614 - pdb path: .;C:\Program Files\Java\jdk-19.0.1\bin;C:\Windows\SYSTEM32;C:\Windows\WinSxS\amd64_microsoft.windows.common-controls_6595b64144ccf1df_6.0.19041.1110_none_60b5254171f9507e;C:\Program Files\Java\jdk-19.0.1\bin\server;H:\Moona\java\lib\shared;C:\Program Files\mingw64\bin

VM Arguments:
jvm_args: -Djava.library.path=H:\Moona\java\lib -Dfile.encoding=UTF-8 -XX:+ShowCodeDetailsInExceptionMessages 
java_command: test.Test
java_class_path (initial): H:\Moona\java\bin
Launcher Type: SUN_STANDARD

[Global flags]
     intx CICompilerCount                          = 3                                         {product} {ergonomic}
     uint ConcGCThreads                            = 2                                         {product} {ergonomic}
     uint G1ConcRefinementThreads                  = 6                                         {product} {ergonomic}
   size_t G1HeapRegionSize                         = 2097152                                   {product} {ergonomic}
    uintx GCDrainStackTargetSize                   = 64                                        {product} {ergonomic}
   size_t InitialHeapSize                          = 268435456                                 {product} {ergonomic}
   size_t MarkStackSize                            = 4194304                                   {product} {ergonomic}
   size_t MaxHeapSize                              = 4273995776                                {product} {ergonomic}
   size_t MaxNewSize                               = 2562719744                                {product} {ergonomic}
   size_t MinHeapDeltaBytes                        = 2097152                                   {product} {ergonomic}
   size_t MinHeapSize                              = 8388608                                   {product} {ergonomic}
    uintx NonNMethodCodeHeapSize                   = 5832780                                {pd product} {ergonomic}
    uintx NonProfiledCodeHeapSize                  = 122912730                              {pd product} {ergonomic}
    uintx ProfiledCodeHeapSize                     = 122912730                              {pd product} {ergonomic}
    uintx ReservedCodeCacheSize                    = 251658240                              {pd product} {ergonomic}
     bool SegmentedCodeCache                       = true                                      {product} {ergonomic}
     bool ShowCodeDetailsInExceptionMessages       = true                                   {manageable} {command line}
   size_t SoftMaxHeapSize                          = 4273995776                             {manageable} {ergonomic}
     bool UseCompressedClassPointers               = true                           {product lp64_product} {ergonomic}
     bool UseCompressedOops                        = true                           {product lp64_product} {ergonomic}
     bool UseG1GC                                  = true                                      {product} {ergonomic}
     bool UseLargePagesIndividualAllocation        = false                                  {pd product} {ergonomic}

Logging:
Log output configuration:
 #0: stdout all=warning uptime,level,tags foldmultilines=false
 #1: stderr all=off uptime,level,tags foldmultilines=false

Environment Variables:
JAVA_HOME=C:\Progra~1\Java\jdk-19.0.1\
PATH=C:/Program Files/Java/jdk-19.0.1/bin/server;C:/Program Files/Java/jdk-19.0.1/bin;C:\Program Files\Microsoft\jdk-11.0.12.7-hotspot\bin;C:\Program Files\Common Files\Oracle\Java\javapath;C:\Program Files (x86)\Common Files\Oracle\Java\javapath;C:\Windows\system32;C:\Windows;C:\Windows\System32\Wbem;C:\Windows\System32\WindowsPowerShell\v1.0\;C:\Windows\System32\OpenSSH\;C:\Program Files (x86)\Intel\Intel(R) Management Engine Components\DAL;C:\Program Files\Intel\Intel(R) Management Engine Components\DAL;C:\Program Files\Java\jre1.8.0_341\bin;C:\Program Files\mingw64\bin;C:\Program Files\Java\jdk-19.0.1\bin;C:\Program Files\Git\cmd;H:\WorkSpace\Compilers\kotlinc\bin;C:\Program Files\dotnet\;C:\Users\pelle\AppData\Local\Microsoft\WindowsApps;C:\Program Files\Java\jre1.8.0_341\bin;H:\WorkSpace\Compilers\mingw64\bin;C:\Users\pelle\AppData\Local\Programs\Microsoft VS Code\bin;C:\Program Files\Java\jdk-18.0.2\bin;C:\Users\pelle\AppData\Local\GitHubDesktop\bin;D:\Microsoft VS Code\bin;C:\Users\pelle\.dotnet\tools;C:\Users\pelle\Desktop;
USERNAME=pelle
OS=Windows_NT
PROCESSOR_IDENTIFIER=Intel64 Family 6 Model 158 Stepping 10, GenuineIntel
TMP=C:\Users\pelle\AppData\Local\Temp
TEMP=C:\Users\pelle\AppData\Local\Temp



---------------  S Y S T E M  ---------------

OS:
 Windows 10 , 64 bit Build 19041 (10.0.19041.2546)
OS uptime: 12 days 0:34 hours

CPU: total 6 (initial active 6) (6 cores per cpu, 1 threads per core) family 6 model 158 stepping 10 microcode 0xb4, cx8, cmov, fxsr, mmx, 3dnowpref, sse, sse2, sse3, ssse3, sse4.1, sse4.2, popcnt, lzcnt, tsc, tscinvbit, avx, avx2, aes, erms, clmul, bmi1, bmi2, adx, fma, vzeroupper, clflush, clflushopt, rdtscp

Memory: 4k page, system-wide physical 16301M (5109M free)
TotalPageFile size 32173M (AvailPageFile size 10524M)
current process WorkingSet (physical memory assigned to process): 31M, peak: 31M
current process commit charge ("private bytes"): 339M, peak: 339M

vm_info: Java HotSpot(TM) 64-Bit Server VM (19.0.1+10-21) for windows-amd64 JRE (19.0.1+10-21), built on 2022-09-14T12:45:06Z by "mach5one" with MS VC++ 17.1 (VS2022)

END.
