#
# A fatal error has been detected by the Java Runtime Environment:
#
#  EXCEPTION_ACCESS_VIOLATION (0xc0000005) at pc=0x000000000000b4b0, pid=18640, tid=18628
#
# JRE version: Java(TM) SE Runtime Environment (18.0.2+9) (build 18.0.2+9-61)
# Java VM: Java HotSpot(TM) 64-Bit Server VM (18.0.2+9-61, mixed mode, sharing, tiered, compressed oops, compressed class ptrs, g1 gc, windows-amd64)
# Problematic frame:
# C  0x000000000000b4b0
#
# No core dump will be written. Minidumps are not enabled by default on client versions of Windows
#
# If you would like to submit a bug report, please visit:
#   https://bugreport.java.com/bugreport/crash.jsp
# The crash happened outside the Java Virtual Machine in native code.
# See problematic frame for where to report the bug.
#

---------------  S U M M A R Y ------------

Command Line: -Djava.library.path=H:\Moona\cpp -Dfile.encoding=UTF-8 -XX:+ShowCodeDetailsInExceptionMessages test.Test

Host: Intel(R) Core(TM) i5-9400F CPU @ 2.90GHz, 6 cores, 15G,  Windows 10 , 64 bit Build 19041 (10.0.19041.2546)
Time: Wed Mar 22 20:53:21 2023 ora solare Europa occidentale elapsed time: 0.114657 seconds (0d 0h 0m 0s)

---------------  T H R E A D  ---------------

Current thread (0x0000022799af0730):  JavaThread "main" [_thread_in_native, id=18628, stack(0x00000099b4500000,0x00000099b4600000)]

Stack: [0x00000099b4500000,0x00000099b4600000],  sp=0x00000099b45ff498,  free space=1021k
Native frames: (J=compiled Java code, j=interpreted, Vv=VM code, C=native code)
C  0x000000000000b4b0

Java frames: (J=compiled Java code, j=interpreted, Vv=VM code)
j  moonaframework.base.Moona.nativeInit()V+0
j  moonaframework.base.Moona.init()V+19
j  test.Test.main([Ljava/lang/String;)V+0
v  ~StubRoutines::call_stub

siginfo: EXCEPTION_ACCESS_VIOLATION (0xc0000005), data execution prevention violation at address 0x000000000000b4b0


Register to memory mapping:

RIP=0x000000000000b4b0 is an unknown value
RAX=0x00007ff736bdb268 Moona.dll
RBX={method} {0x00000227bcc00f70} 'nativeInit' '()V' in 'moonaframework/base/Moona'
RCX=0x00007ff736bdb268 Moona.dll
RDX=0x00007ff736bd5050 Moona.dll
RSP=0x00000099b45ff498 is pointing into the stack for thread: 0x0000022799af0730
RBP=0x00000099b45ff4c0 is pointing into the stack for thread: 0x0000022799af0730
RSI=0x0000000000000110 is an unknown value
RDI=0x00000000000008b5 is an unknown value
R8 =0x0000000000000002 is an unknown value
R9 =0x0000000000000002 is an unknown value
R10=0x00000227a143d5f2 is at code_begin+946 in an Interpreter codelet
method entry point (kind = native)  [0x00000227a143d240, 0x00000227a143dbc0]  2432 bytes
R11=0x00000007112fb518 is an oop: java.lang.Class 
{0x00000007112fb518} - klass: 'java/lang/Class'
 - ---- fields (total size 19 words):
 - private volatile transient 'classRedefinedCount' 'I' @12  0
 - abstract internal 'klass' 'J' @16  34372323824 (c009f0 8)
 - abstract internal 'array_klass' 'J' @24  0 (0 0)
 - abstract internal 'oop_size' 'I' @32  19 (13)
 - abstract internal 'static_oop_field_count' 'I' @36  8
 - private volatile transient 'cachedConstructor' 'Ljava/lang/reflect/Constructor;' @40  NULL (0)
 - private transient 'name' 'Ljava/lang/String;' @44  "moonaframework.base.Moona"{0x00000007112fb5c0} (e225f6b8)
 - private transient 'module' 'Ljava/lang/Module;' @48  a 'java/lang/Module'{0x0000000711260fd0} (e224c1fa)
 - private final 'classLoader' 'Ljava/lang/ClassLoader;' @52  a 'jdk/internal/loader/ClassLoaders$AppClassLoader'{0x0000000711260e10} (e224c1c2)
 - private transient 'classData' 'Ljava/lang/Object;' @56  NULL (0)
 - private transient 'packageName' 'Ljava/lang/String;' @60  "moonaframework.base"{0x00000007112f8e58} (e225f1cb)
 - private final 'componentType' 'Ljava/lang/Class;' @64  NULL (0)
 - private volatile transient 'reflectionData' 'Ljava/lang/ref/SoftReference;' @68  NULL (0)
 - private volatile transient 'genericInfo' 'Lsun/reflect/generics/repository/ClassRepository;' @72  NULL (0)
 - private volatile transient 'enumConstants' '[Ljava/lang/Object;' @76  NULL (0)
 - private volatile transient 'enumConstantDirectory' 'Ljava/util/Map;' @80  NULL (0)
 - private volatile transient 'annotationData' 'Ljava/lang/Class$AnnotationData;' @84  NULL (0)
 - private volatile transient 'annotationType' 'Lsun/reflect/annotation/AnnotationType;' @88  NULL (0)
 - transient 'classValueMap' 'Ljava/lang/ClassValue$ClassValueMap;' @92  NULL (0)
 - abstract internal 'protection_domain' 'Ljava/lang/Object;' @96  a 'java/security/ProtectionDomain'{0x00000007112f7f78} (e225efef)
 - abstract internal 'signers_name' 'Ljava/lang/Object;' @100  NULL (0)
 - abstract internal 'source_file' 'Ljava/lang/Object;' @104  NULL (0)
 - signature: Lmoonaframework/base/Moona;
 - ---- static fields (8):
 - static final 'elements' 'Ljava/util/List;' @112  a 'java/util/ArrayList'{0x00000007112fd180} (e225fa30)
 - static 'isOn' 'Z' @144  false
 - public static final 'autoReflections' 'Lmoonaframework/base/Setting;' @116  a 'moonaframework/base/Setting'{0x00000007113013c8} (e2260279)
 - public static final 'autoDeriveReferences' 'Lmoonaframework/base/Setting;' @120  a 'moonaframework/base/Setting'{0x0000000711301658} (e22602cb)
 - public static final 'deriveWhenInitialized' 'Lmoonaframework/base/Setting;' @124  a 'moonaframework/base/Setting'{0x0000000711301688} (e22602d1)
 - public static final 'loadReflections' 'Lmoonaframework/base/Setting;' @128  a 'moonaframework/base/Setting'{0x00000007113016b8} (e22602d7)
 - public static final 'unsafeReflectionLoading' 'Lmoonaframework/base/Setting;' @132  a 'moonaframework/base/Setting'{0x00000007113016e0} (e22602dc)
 - private static final 'libraries' 'Ljava/util/List;' @136  a 'java/util/ArrayList'{0x0000000711301710} (e22602e2)
 - private static 'idCounter' 'Ljava/util/concurrent/atomic/AtomicLong;' @140  a 'java/util/concurrent/atomic/AtomicLong'{0x00000007113018a8} (e2260315)
R12=0x0 is NULL
R13={method} {0x00000227bcc00f70} 'nativeInit' '()V' in 'moonaframework/base/Moona'
R14=0x00000099b45ff550 is pointing into the stack for thread: 0x0000022799af0730
R15=0x0000022799af0730 is a thread


Registers:
RAX=0x00007ff736bdb268, RBX=0x00000227bcc00f68, RCX=0x00007ff736bdb268, RDX=0x00007ff736bd5050
RSP=0x00000099b45ff498, RBP=0x00000099b45ff4c0, RSI=0x0000000000000110, RDI=0x00000000000008b5
R8 =0x0000000000000002, R9 =0x0000000000000002, R10=0x00000227a143d5f2, R11=0x00000007112fb518
R12=0x0000000000000000, R13=0x00000227bcc00f68, R14=0x00000099b45ff550, R15=0x0000022799af0730
RIP=0x000000000000b4b0, EFLAGS=0x0000000000010206

Top of Stack: (sp=0x00000099b45ff498)
0x00000099b45ff498:   00007ff736bd1939 00000227bcc00f68
0x00000099b45ff4a8:   00000227bcc00f68 00000000000008b5
0x00000099b45ff4b8:   00000227a143d33c 00000099b45ff538
0x00000099b45ff4c8:   00000227a143d621 0000022799af09c0
0x00000099b45ff4d8:   00000099b45ff548 000000071123b460
0x00000099b45ff4e8:   00000227a143d2f6 00000099b45ff4f0
0x00000099b45ff4f8:   00000227bcc00f68 00000099b45ff550
0x00000099b45ff508:   00000227bcc024c8 0000000000000000
0x00000099b45ff518:   00000007112fb518 00000227bcc00f68
0x00000099b45ff528:   0000000000000000 00000099b45ff558
0x00000099b45ff538:   00000099b45ff5a0 00000227a14394fe
0x00000099b45ff548:   00000007112fb518 00000227a143af78
0x00000099b45ff558:   00000099b45ff558 00000227bcc01163
0x00000099b45ff568:   00000099b45ff5d0 00000227bcc024c8
0x00000099b45ff578:   0000000000000000 00000007112fb518
0x00000099b45ff588:   00000227bcc011f0 00000099b45ff558 

Instructions: (pc=0x000000000000b4b0)
0x000000000000b3b0:   ?? ?? ?? ?? ?? ?? ?? ?? ?? ?? ?? ?? ?? ?? ?? ??
0x000000000000b3c0:   ?? ?? ?? ?? ?? ?? ?? ?? ?? ?? ?? ?? ?? ?? ?? ??
0x000000000000b3d0:   ?? ?? ?? ?? ?? ?? ?? ?? ?? ?? ?? ?? ?? ?? ?? ??
0x000000000000b3e0:   ?? ?? ?? ?? ?? ?? ?? ?? ?? ?? ?? ?? ?? ?? ?? ??
0x000000000000b3f0:   ?? ?? ?? ?? ?? ?? ?? ?? ?? ?? ?? ?? ?? ?? ?? ??
0x000000000000b400:   ?? ?? ?? ?? ?? ?? ?? ?? ?? ?? ?? ?? ?? ?? ?? ??
0x000000000000b410:   ?? ?? ?? ?? ?? ?? ?? ?? ?? ?? ?? ?? ?? ?? ?? ??
0x000000000000b420:   ?? ?? ?? ?? ?? ?? ?? ?? ?? ?? ?? ?? ?? ?? ?? ??
0x000000000000b430:   ?? ?? ?? ?? ?? ?? ?? ?? ?? ?? ?? ?? ?? ?? ?? ??
0x000000000000b440:   ?? ?? ?? ?? ?? ?? ?? ?? ?? ?? ?? ?? ?? ?? ?? ??
0x000000000000b450:   ?? ?? ?? ?? ?? ?? ?? ?? ?? ?? ?? ?? ?? ?? ?? ??
0x000000000000b460:   ?? ?? ?? ?? ?? ?? ?? ?? ?? ?? ?? ?? ?? ?? ?? ??
0x000000000000b470:   ?? ?? ?? ?? ?? ?? ?? ?? ?? ?? ?? ?? ?? ?? ?? ??
0x000000000000b480:   ?? ?? ?? ?? ?? ?? ?? ?? ?? ?? ?? ?? ?? ?? ?? ??
0x000000000000b490:   ?? ?? ?? ?? ?? ?? ?? ?? ?? ?? ?? ?? ?? ?? ?? ??
0x000000000000b4a0:   ?? ?? ?? ?? ?? ?? ?? ?? ?? ?? ?? ?? ?? ?? ?? ??
0x000000000000b4b0:   ?? ?? ?? ?? ?? ?? ?? ?? ?? ?? ?? ?? ?? ?? ?? ??
0x000000000000b4c0:   ?? ?? ?? ?? ?? ?? ?? ?? ?? ?? ?? ?? ?? ?? ?? ??
0x000000000000b4d0:   ?? ?? ?? ?? ?? ?? ?? ?? ?? ?? ?? ?? ?? ?? ?? ??
0x000000000000b4e0:   ?? ?? ?? ?? ?? ?? ?? ?? ?? ?? ?? ?? ?? ?? ?? ??
0x000000000000b4f0:   ?? ?? ?? ?? ?? ?? ?? ?? ?? ?? ?? ?? ?? ?? ?? ??
0x000000000000b500:   ?? ?? ?? ?? ?? ?? ?? ?? ?? ?? ?? ?? ?? ?? ?? ??
0x000000000000b510:   ?? ?? ?? ?? ?? ?? ?? ?? ?? ?? ?? ?? ?? ?? ?? ??
0x000000000000b520:   ?? ?? ?? ?? ?? ?? ?? ?? ?? ?? ?? ?? ?? ?? ?? ??
0x000000000000b530:   ?? ?? ?? ?? ?? ?? ?? ?? ?? ?? ?? ?? ?? ?? ?? ??
0x000000000000b540:   ?? ?? ?? ?? ?? ?? ?? ?? ?? ?? ?? ?? ?? ?? ?? ??
0x000000000000b550:   ?? ?? ?? ?? ?? ?? ?? ?? ?? ?? ?? ?? ?? ?? ?? ??
0x000000000000b560:   ?? ?? ?? ?? ?? ?? ?? ?? ?? ?? ?? ?? ?? ?? ?? ??
0x000000000000b570:   ?? ?? ?? ?? ?? ?? ?? ?? ?? ?? ?? ?? ?? ?? ?? ??
0x000000000000b580:   ?? ?? ?? ?? ?? ?? ?? ?? ?? ?? ?? ?? ?? ?? ?? ??
0x000000000000b590:   ?? ?? ?? ?? ?? ?? ?? ?? ?? ?? ?? ?? ?? ?? ?? ??
0x000000000000b5a0:   ?? ?? ?? ?? ?? ?? ?? ?? ?? ?? ?? ?? ?? ?? ?? ?? 


Stack slot to memory mapping:
stack at sp + 0 slots: 0x00007ff736bd1939 Moona.dll
stack at sp + 1 slots: {method} {0x00000227bcc00f70} 'nativeInit' '()V' in 'moonaframework/base/Moona'
stack at sp + 2 slots: {method} {0x00000227bcc00f70} 'nativeInit' '()V' in 'moonaframework/base/Moona'
stack at sp + 3 slots: 0x00000000000008b5 is an unknown value
stack at sp + 4 slots: 0x00000227a143d33c is at code_begin+252 in an Interpreter codelet
method entry point (kind = native)  [0x00000227a143d240, 0x00000227a143dbc0]  2432 bytes
stack at sp + 5 slots: 0x00000099b45ff538 is pointing into the stack for thread: 0x0000022799af0730
stack at sp + 6 slots: 0x00000227a143d621 is at code_begin+993 in an Interpreter codelet
method entry point (kind = native)  [0x00000227a143d240, 0x00000227a143dbc0]  2432 bytes
stack at sp + 7 slots: 0x0000022799af09c0 points into unknown readable memory: 0x00007ffb10af4710 | 10 47 af 10 fb 7f 00 00


---------------  P R O C E S S  ---------------

Threads class SMR info:
_java_thread_list=0x00000227c087c480, length=12, elements={
0x0000022799af0730, 0x00000227bc459480, 0x00000227bc459e20, 0x00000227bc46f160,
0x00000227bc46fb00, 0x00000227bc4704a0, 0x00000227bc474fa0, 0x00000227bc4793f0,
0x00000227bc4862f0, 0x00000227bc48a040, 0x00000227c08a71f0, 0x00000227c08a7920
}

Java Threads: ( => current thread )
=>0x0000022799af0730 JavaThread "main" [_thread_in_native, id=18628, stack(0x00000099b4500000,0x00000099b4600000)]
  0x00000227bc459480 JavaThread "Reference Handler" daemon [_thread_blocked, id=18496, stack(0x00000099b4c00000,0x00000099b4d00000)]
  0x00000227bc459e20 JavaThread "Finalizer" daemon [_thread_blocked, id=5900, stack(0x00000099b4d00000,0x00000099b4e00000)]
  0x00000227bc46f160 JavaThread "Signal Dispatcher" daemon [_thread_blocked, id=7896, stack(0x00000099b4e00000,0x00000099b4f00000)]
  0x00000227bc46fb00 JavaThread "Attach Listener" daemon [_thread_blocked, id=18492, stack(0x00000099b4f00000,0x00000099b5000000)]
  0x00000227bc4704a0 JavaThread "Service Thread" daemon [_thread_blocked, id=18472, stack(0x00000099b5000000,0x00000099b5100000)]
  0x00000227bc474fa0 JavaThread "Monitor Deflation Thread" daemon [_thread_blocked, id=18464, stack(0x00000099b5100000,0x00000099b5200000)]
  0x00000227bc4793f0 JavaThread "C2 CompilerThread0" daemon [_thread_blocked, id=5556, stack(0x00000099b5200000,0x00000099b5300000)]
  0x00000227bc4862f0 JavaThread "C1 CompilerThread0" daemon [_thread_blocked, id=14388, stack(0x00000099b5300000,0x00000099b5400000)]
  0x00000227bc48a040 JavaThread "Sweeper thread" daemon [_thread_blocked, id=14400, stack(0x00000099b5400000,0x00000099b5500000)]
  0x00000227c08a71f0 JavaThread "Notification Thread" daemon [_thread_blocked, id=10088, stack(0x00000099b5500000,0x00000099b5600000)]
  0x00000227c08a7920 JavaThread "Common-Cleaner" daemon [_thread_blocked, id=17684, stack(0x00000099b5700000,0x00000099b5800000)]

Other Threads:
  0x00000227bc454dd0 VMThread "VM Thread" [stack: 0x00000099b4b00000,0x00000099b4c00000] [id=18428]
  0x00000227c08a76b0 WatcherThread "VM Periodic Task Thread" [stack: 0x00000099b5600000,0x00000099b5700000] [id=18424]
  0x0000022799b5e810 WorkerThread "GC Thread#0" [stack: 0x00000099b4600000,0x00000099b4700000] [id=18544]
  0x0000022799b71dc0 ConcurrentGCThread "G1 Main Marker" [stack: 0x00000099b4700000,0x00000099b4800000] [id=18416]
  0x0000022799b727b0 WorkerThread "G1 Conc#0" [stack: 0x00000099b4800000,0x00000099b4900000] [id=18420]
  0x0000022799bb9450 ConcurrentGCThread "G1 Refine#0" [stack: 0x00000099b4900000,0x00000099b4a00000] [id=18520]
  0x0000022799bbac10 ConcurrentGCThread "G1 Service" [stack: 0x00000099b4a00000,0x00000099b4b00000] [id=18380]

Threads with active compile tasks:

VM state: not at safepoint (normal execution)

VM Mutex/Monitor currently owned by a thread: None

Heap address: 0x0000000701400000, size: 4076 MB, Compressed Oops mode: Zero based, Oop shift amount: 3

CDS archive(s) mapped at: [0x0000000800000000-0x0000000800ba0000-0x0000000800ba0000), size 12189696, SharedBaseAddress: 0x0000000800000000, ArchiveRelocationMode: 0.
Compressed class space mapped at: 0x0000000800c00000-0x0000000840c00000, reserved size: 1073741824
Narrow klass base: 0x0000000800000000, Narrow klass shift: 0, Narrow klass range: 0x100000000

GC Precious Log:
 CardTable entry size: 512
 Card Set container configuration: InlinePtr #cards 4 size 8 Array Of Cards #cards 16 size 48 Howl #buckets 8 coarsen threshold 3686 Howl Bitmap #cards 512 size 80 coarsen threshold 460 Card regions per heap region 1 cards per card region 4096
 CPUs: 6 total, 6 available
 Memory: 16301M
 Large Page Support: Disabled
 NUMA Support: Disabled
 Compressed Oops: Enabled (Zero based)
 Heap Region Size: 2M
 Heap Min Capacity: 8M
 Heap Initial Capacity: 256M
 Heap Max Capacity: 4076M
 Pre-touch: Disabled
 Parallel Workers: 6
 Concurrent Workers: 2
 Concurrent Refinement Workers: 6
 Periodic GC: Disabled

Heap:
 garbage-first heap   total 262144K, used 0K [0x0000000701400000, 0x0000000800000000)
  region size 2048K, 1 young (2048K), 0 survivors (0K)
 Metaspace       used 215K, committed 384K, reserved 1114112K
  class space    used 12K, committed 128K, reserved 1048576K

Heap Regions: E=young(eden), S=young(survivor), O=old, HS=humongous(starts), HC=humongous(continues), CS=collection set, F=free, OA=open archive, CA=closed archive, TAMS=top-at-mark-start (previous, next)
|   0|0x0000000701400000, 0x0000000701400000, 0x0000000701600000|  0%| F|  |TAMS 0x0000000701400000, 0x0000000701400000| Untracked 
|   1|0x0000000701600000, 0x0000000701600000, 0x0000000701800000|  0%| F|  |TAMS 0x0000000701600000, 0x0000000701600000| Untracked 
|   2|0x0000000701800000, 0x0000000701800000, 0x0000000701a00000|  0%| F|  |TAMS 0x0000000701800000, 0x0000000701800000| Untracked 
|   3|0x0000000701a00000, 0x0000000701a00000, 0x0000000701c00000|  0%| F|  |TAMS 0x0000000701a00000, 0x0000000701a00000| Untracked 
|   4|0x0000000701c00000, 0x0000000701c00000, 0x0000000701e00000|  0%| F|  |TAMS 0x0000000701c00000, 0x0000000701c00000| Untracked 
|   5|0x0000000701e00000, 0x0000000701e00000, 0x0000000702000000|  0%| F|  |TAMS 0x0000000701e00000, 0x0000000701e00000| Untracked 
|   6|0x0000000702000000, 0x0000000702000000, 0x0000000702200000|  0%| F|  |TAMS 0x0000000702000000, 0x0000000702000000| Untracked 
|   7|0x0000000702200000, 0x0000000702200000, 0x0000000702400000|  0%| F|  |TAMS 0x0000000702200000, 0x0000000702200000| Untracked 
|   8|0x0000000702400000, 0x0000000702400000, 0x0000000702600000|  0%| F|  |TAMS 0x0000000702400000, 0x0000000702400000| Untracked 
|   9|0x0000000702600000, 0x0000000702600000, 0x0000000702800000|  0%| F|  |TAMS 0x0000000702600000, 0x0000000702600000| Untracked 
|  10|0x0000000702800000, 0x0000000702800000, 0x0000000702a00000|  0%| F|  |TAMS 0x0000000702800000, 0x0000000702800000| Untracked 
|  11|0x0000000702a00000, 0x0000000702a00000, 0x0000000702c00000|  0%| F|  |TAMS 0x0000000702a00000, 0x0000000702a00000| Untracked 
|  12|0x0000000702c00000, 0x0000000702c00000, 0x0000000702e00000|  0%| F|  |TAMS 0x0000000702c00000, 0x0000000702c00000| Untracked 
|  13|0x0000000702e00000, 0x0000000702e00000, 0x0000000703000000|  0%| F|  |TAMS 0x0000000702e00000, 0x0000000702e00000| Untracked 
|  14|0x0000000703000000, 0x0000000703000000, 0x0000000703200000|  0%| F|  |TAMS 0x0000000703000000, 0x0000000703000000| Untracked 
|  15|0x0000000703200000, 0x0000000703200000, 0x0000000703400000|  0%| F|  |TAMS 0x0000000703200000, 0x0000000703200000| Untracked 
|  16|0x0000000703400000, 0x0000000703400000, 0x0000000703600000|  0%| F|  |TAMS 0x0000000703400000, 0x0000000703400000| Untracked 
|  17|0x0000000703600000, 0x0000000703600000, 0x0000000703800000|  0%| F|  |TAMS 0x0000000703600000, 0x0000000703600000| Untracked 
|  18|0x0000000703800000, 0x0000000703800000, 0x0000000703a00000|  0%| F|  |TAMS 0x0000000703800000, 0x0000000703800000| Untracked 
|  19|0x0000000703a00000, 0x0000000703a00000, 0x0000000703c00000|  0%| F|  |TAMS 0x0000000703a00000, 0x0000000703a00000| Untracked 
|  20|0x0000000703c00000, 0x0000000703c00000, 0x0000000703e00000|  0%| F|  |TAMS 0x0000000703c00000, 0x0000000703c00000| Untracked 
|  21|0x0000000703e00000, 0x0000000703e00000, 0x0000000704000000|  0%| F|  |TAMS 0x0000000703e00000, 0x0000000703e00000| Untracked 
|  22|0x0000000704000000, 0x0000000704000000, 0x0000000704200000|  0%| F|  |TAMS 0x0000000704000000, 0x0000000704000000| Untracked 
|  23|0x0000000704200000, 0x0000000704200000, 0x0000000704400000|  0%| F|  |TAMS 0x0000000704200000, 0x0000000704200000| Untracked 
|  24|0x0000000704400000, 0x0000000704400000, 0x0000000704600000|  0%| F|  |TAMS 0x0000000704400000, 0x0000000704400000| Untracked 
|  25|0x0000000704600000, 0x0000000704600000, 0x0000000704800000|  0%| F|  |TAMS 0x0000000704600000, 0x0000000704600000| Untracked 
|  26|0x0000000704800000, 0x0000000704800000, 0x0000000704a00000|  0%| F|  |TAMS 0x0000000704800000, 0x0000000704800000| Untracked 
|  27|0x0000000704a00000, 0x0000000704a00000, 0x0000000704c00000|  0%| F|  |TAMS 0x0000000704a00000, 0x0000000704a00000| Untracked 
|  28|0x0000000704c00000, 0x0000000704c00000, 0x0000000704e00000|  0%| F|  |TAMS 0x0000000704c00000, 0x0000000704c00000| Untracked 
|  29|0x0000000704e00000, 0x0000000704e00000, 0x0000000705000000|  0%| F|  |TAMS 0x0000000704e00000, 0x0000000704e00000| Untracked 
|  30|0x0000000705000000, 0x0000000705000000, 0x0000000705200000|  0%| F|  |TAMS 0x0000000705000000, 0x0000000705000000| Untracked 
|  31|0x0000000705200000, 0x0000000705200000, 0x0000000705400000|  0%| F|  |TAMS 0x0000000705200000, 0x0000000705200000| Untracked 
|  32|0x0000000705400000, 0x0000000705400000, 0x0000000705600000|  0%| F|  |TAMS 0x0000000705400000, 0x0000000705400000| Untracked 
|  33|0x0000000705600000, 0x0000000705600000, 0x0000000705800000|  0%| F|  |TAMS 0x0000000705600000, 0x0000000705600000| Untracked 
|  34|0x0000000705800000, 0x0000000705800000, 0x0000000705a00000|  0%| F|  |TAMS 0x0000000705800000, 0x0000000705800000| Untracked 
|  35|0x0000000705a00000, 0x0000000705a00000, 0x0000000705c00000|  0%| F|  |TAMS 0x0000000705a00000, 0x0000000705a00000| Untracked 
|  36|0x0000000705c00000, 0x0000000705c00000, 0x0000000705e00000|  0%| F|  |TAMS 0x0000000705c00000, 0x0000000705c00000| Untracked 
|  37|0x0000000705e00000, 0x0000000705e00000, 0x0000000706000000|  0%| F|  |TAMS 0x0000000705e00000, 0x0000000705e00000| Untracked 
|  38|0x0000000706000000, 0x0000000706000000, 0x0000000706200000|  0%| F|  |TAMS 0x0000000706000000, 0x0000000706000000| Untracked 
|  39|0x0000000706200000, 0x0000000706200000, 0x0000000706400000|  0%| F|  |TAMS 0x0000000706200000, 0x0000000706200000| Untracked 
|  40|0x0000000706400000, 0x0000000706400000, 0x0000000706600000|  0%| F|  |TAMS 0x0000000706400000, 0x0000000706400000| Untracked 
|  41|0x0000000706600000, 0x0000000706600000, 0x0000000706800000|  0%| F|  |TAMS 0x0000000706600000, 0x0000000706600000| Untracked 
|  42|0x0000000706800000, 0x0000000706800000, 0x0000000706a00000|  0%| F|  |TAMS 0x0000000706800000, 0x0000000706800000| Untracked 
|  43|0x0000000706a00000, 0x0000000706a00000, 0x0000000706c00000|  0%| F|  |TAMS 0x0000000706a00000, 0x0000000706a00000| Untracked 
|  44|0x0000000706c00000, 0x0000000706c00000, 0x0000000706e00000|  0%| F|  |TAMS 0x0000000706c00000, 0x0000000706c00000| Untracked 
|  45|0x0000000706e00000, 0x0000000706e00000, 0x0000000707000000|  0%| F|  |TAMS 0x0000000706e00000, 0x0000000706e00000| Untracked 
|  46|0x0000000707000000, 0x0000000707000000, 0x0000000707200000|  0%| F|  |TAMS 0x0000000707000000, 0x0000000707000000| Untracked 
|  47|0x0000000707200000, 0x0000000707200000, 0x0000000707400000|  0%| F|  |TAMS 0x0000000707200000, 0x0000000707200000| Untracked 
|  48|0x0000000707400000, 0x0000000707400000, 0x0000000707600000|  0%| F|  |TAMS 0x0000000707400000, 0x0000000707400000| Untracked 
|  49|0x0000000707600000, 0x0000000707600000, 0x0000000707800000|  0%| F|  |TAMS 0x0000000707600000, 0x0000000707600000| Untracked 
|  50|0x0000000707800000, 0x0000000707800000, 0x0000000707a00000|  0%| F|  |TAMS 0x0000000707800000, 0x0000000707800000| Untracked 
|  51|0x0000000707a00000, 0x0000000707a00000, 0x0000000707c00000|  0%| F|  |TAMS 0x0000000707a00000, 0x0000000707a00000| Untracked 
|  52|0x0000000707c00000, 0x0000000707c00000, 0x0000000707e00000|  0%| F|  |TAMS 0x0000000707c00000, 0x0000000707c00000| Untracked 
|  53|0x0000000707e00000, 0x0000000707e00000, 0x0000000708000000|  0%| F|  |TAMS 0x0000000707e00000, 0x0000000707e00000| Untracked 
|  54|0x0000000708000000, 0x0000000708000000, 0x0000000708200000|  0%| F|  |TAMS 0x0000000708000000, 0x0000000708000000| Untracked 
|  55|0x0000000708200000, 0x0000000708200000, 0x0000000708400000|  0%| F|  |TAMS 0x0000000708200000, 0x0000000708200000| Untracked 
|  56|0x0000000708400000, 0x0000000708400000, 0x0000000708600000|  0%| F|  |TAMS 0x0000000708400000, 0x0000000708400000| Untracked 
|  57|0x0000000708600000, 0x0000000708600000, 0x0000000708800000|  0%| F|  |TAMS 0x0000000708600000, 0x0000000708600000| Untracked 
|  58|0x0000000708800000, 0x0000000708800000, 0x0000000708a00000|  0%| F|  |TAMS 0x0000000708800000, 0x0000000708800000| Untracked 
|  59|0x0000000708a00000, 0x0000000708a00000, 0x0000000708c00000|  0%| F|  |TAMS 0x0000000708a00000, 0x0000000708a00000| Untracked 
|  60|0x0000000708c00000, 0x0000000708c00000, 0x0000000708e00000|  0%| F|  |TAMS 0x0000000708c00000, 0x0000000708c00000| Untracked 
|  61|0x0000000708e00000, 0x0000000708e00000, 0x0000000709000000|  0%| F|  |TAMS 0x0000000708e00000, 0x0000000708e00000| Untracked 
|  62|0x0000000709000000, 0x0000000709000000, 0x0000000709200000|  0%| F|  |TAMS 0x0000000709000000, 0x0000000709000000| Untracked 
|  63|0x0000000709200000, 0x0000000709200000, 0x0000000709400000|  0%| F|  |TAMS 0x0000000709200000, 0x0000000709200000| Untracked 
|  64|0x0000000709400000, 0x0000000709400000, 0x0000000709600000|  0%| F|  |TAMS 0x0000000709400000, 0x0000000709400000| Untracked 
|  65|0x0000000709600000, 0x0000000709600000, 0x0000000709800000|  0%| F|  |TAMS 0x0000000709600000, 0x0000000709600000| Untracked 
|  66|0x0000000709800000, 0x0000000709800000, 0x0000000709a00000|  0%| F|  |TAMS 0x0000000709800000, 0x0000000709800000| Untracked 
|  67|0x0000000709a00000, 0x0000000709a00000, 0x0000000709c00000|  0%| F|  |TAMS 0x0000000709a00000, 0x0000000709a00000| Untracked 
|  68|0x0000000709c00000, 0x0000000709c00000, 0x0000000709e00000|  0%| F|  |TAMS 0x0000000709c00000, 0x0000000709c00000| Untracked 
|  69|0x0000000709e00000, 0x0000000709e00000, 0x000000070a000000|  0%| F|  |TAMS 0x0000000709e00000, 0x0000000709e00000| Untracked 
|  70|0x000000070a000000, 0x000000070a000000, 0x000000070a200000|  0%| F|  |TAMS 0x000000070a000000, 0x000000070a000000| Untracked 
|  71|0x000000070a200000, 0x000000070a200000, 0x000000070a400000|  0%| F|  |TAMS 0x000000070a200000, 0x000000070a200000| Untracked 
|  72|0x000000070a400000, 0x000000070a400000, 0x000000070a600000|  0%| F|  |TAMS 0x000000070a400000, 0x000000070a400000| Untracked 
|  73|0x000000070a600000, 0x000000070a600000, 0x000000070a800000|  0%| F|  |TAMS 0x000000070a600000, 0x000000070a600000| Untracked 
|  74|0x000000070a800000, 0x000000070a800000, 0x000000070aa00000|  0%| F|  |TAMS 0x000000070a800000, 0x000000070a800000| Untracked 
|  75|0x000000070aa00000, 0x000000070aa00000, 0x000000070ac00000|  0%| F|  |TAMS 0x000000070aa00000, 0x000000070aa00000| Untracked 
|  76|0x000000070ac00000, 0x000000070ac00000, 0x000000070ae00000|  0%| F|  |TAMS 0x000000070ac00000, 0x000000070ac00000| Untracked 
|  77|0x000000070ae00000, 0x000000070ae00000, 0x000000070b000000|  0%| F|  |TAMS 0x000000070ae00000, 0x000000070ae00000| Untracked 
|  78|0x000000070b000000, 0x000000070b000000, 0x000000070b200000|  0%| F|  |TAMS 0x000000070b000000, 0x000000070b000000| Untracked 
|  79|0x000000070b200000, 0x000000070b200000, 0x000000070b400000|  0%| F|  |TAMS 0x000000070b200000, 0x000000070b200000| Untracked 
|  80|0x000000070b400000, 0x000000070b400000, 0x000000070b600000|  0%| F|  |TAMS 0x000000070b400000, 0x000000070b400000| Untracked 
|  81|0x000000070b600000, 0x000000070b600000, 0x000000070b800000|  0%| F|  |TAMS 0x000000070b600000, 0x000000070b600000| Untracked 
|  82|0x000000070b800000, 0x000000070b800000, 0x000000070ba00000|  0%| F|  |TAMS 0x000000070b800000, 0x000000070b800000| Untracked 
|  83|0x000000070ba00000, 0x000000070ba00000, 0x000000070bc00000|  0%| F|  |TAMS 0x000000070ba00000, 0x000000070ba00000| Untracked 
|  84|0x000000070bc00000, 0x000000070bc00000, 0x000000070be00000|  0%| F|  |TAMS 0x000000070bc00000, 0x000000070bc00000| Untracked 
|  85|0x000000070be00000, 0x000000070be00000, 0x000000070c000000|  0%| F|  |TAMS 0x000000070be00000, 0x000000070be00000| Untracked 
|  86|0x000000070c000000, 0x000000070c000000, 0x000000070c200000|  0%| F|  |TAMS 0x000000070c000000, 0x000000070c000000| Untracked 
|  87|0x000000070c200000, 0x000000070c200000, 0x000000070c400000|  0%| F|  |TAMS 0x000000070c200000, 0x000000070c200000| Untracked 
|  88|0x000000070c400000, 0x000000070c400000, 0x000000070c600000|  0%| F|  |TAMS 0x000000070c400000, 0x000000070c400000| Untracked 
|  89|0x000000070c600000, 0x000000070c600000, 0x000000070c800000|  0%| F|  |TAMS 0x000000070c600000, 0x000000070c600000| Untracked 
|  90|0x000000070c800000, 0x000000070c800000, 0x000000070ca00000|  0%| F|  |TAMS 0x000000070c800000, 0x000000070c800000| Untracked 
|  91|0x000000070ca00000, 0x000000070ca00000, 0x000000070cc00000|  0%| F|  |TAMS 0x000000070ca00000, 0x000000070ca00000| Untracked 
|  92|0x000000070cc00000, 0x000000070cc00000, 0x000000070ce00000|  0%| F|  |TAMS 0x000000070cc00000, 0x000000070cc00000| Untracked 
|  93|0x000000070ce00000, 0x000000070ce00000, 0x000000070d000000|  0%| F|  |TAMS 0x000000070ce00000, 0x000000070ce00000| Untracked 
|  94|0x000000070d000000, 0x000000070d000000, 0x000000070d200000|  0%| F|  |TAMS 0x000000070d000000, 0x000000070d000000| Untracked 
|  95|0x000000070d200000, 0x000000070d200000, 0x000000070d400000|  0%| F|  |TAMS 0x000000070d200000, 0x000000070d200000| Untracked 
|  96|0x000000070d400000, 0x000000070d400000, 0x000000070d600000|  0%| F|  |TAMS 0x000000070d400000, 0x000000070d400000| Untracked 
|  97|0x000000070d600000, 0x000000070d600000, 0x000000070d800000|  0%| F|  |TAMS 0x000000070d600000, 0x000000070d600000| Untracked 
|  98|0x000000070d800000, 0x000000070d800000, 0x000000070da00000|  0%| F|  |TAMS 0x000000070d800000, 0x000000070d800000| Untracked 
|  99|0x000000070da00000, 0x000000070da00000, 0x000000070dc00000|  0%| F|  |TAMS 0x000000070da00000, 0x000000070da00000| Untracked 
| 100|0x000000070dc00000, 0x000000070dc00000, 0x000000070de00000|  0%| F|  |TAMS 0x000000070dc00000, 0x000000070dc00000| Untracked 
| 101|0x000000070de00000, 0x000000070de00000, 0x000000070e000000|  0%| F|  |TAMS 0x000000070de00000, 0x000000070de00000| Untracked 
| 102|0x000000070e000000, 0x000000070e000000, 0x000000070e200000|  0%| F|  |TAMS 0x000000070e000000, 0x000000070e000000| Untracked 
| 103|0x000000070e200000, 0x000000070e200000, 0x000000070e400000|  0%| F|  |TAMS 0x000000070e200000, 0x000000070e200000| Untracked 
| 104|0x000000070e400000, 0x000000070e400000, 0x000000070e600000|  0%| F|  |TAMS 0x000000070e400000, 0x000000070e400000| Untracked 
| 105|0x000000070e600000, 0x000000070e600000, 0x000000070e800000|  0%| F|  |TAMS 0x000000070e600000, 0x000000070e600000| Untracked 
| 106|0x000000070e800000, 0x000000070e800000, 0x000000070ea00000|  0%| F|  |TAMS 0x000000070e800000, 0x000000070e800000| Untracked 
| 107|0x000000070ea00000, 0x000000070ea00000, 0x000000070ec00000|  0%| F|  |TAMS 0x000000070ea00000, 0x000000070ea00000| Untracked 
| 108|0x000000070ec00000, 0x000000070ec00000, 0x000000070ee00000|  0%| F|  |TAMS 0x000000070ec00000, 0x000000070ec00000| Untracked 
| 109|0x000000070ee00000, 0x000000070ee00000, 0x000000070f000000|  0%| F|  |TAMS 0x000000070ee00000, 0x000000070ee00000| Untracked 
| 110|0x000000070f000000, 0x000000070f000000, 0x000000070f200000|  0%| F|  |TAMS 0x000000070f000000, 0x000000070f000000| Untracked 
| 111|0x000000070f200000, 0x000000070f200000, 0x000000070f400000|  0%| F|  |TAMS 0x000000070f200000, 0x000000070f200000| Untracked 
| 112|0x000000070f400000, 0x000000070f400000, 0x000000070f600000|  0%| F|  |TAMS 0x000000070f400000, 0x000000070f400000| Untracked 
| 113|0x000000070f600000, 0x000000070f600000, 0x000000070f800000|  0%| F|  |TAMS 0x000000070f600000, 0x000000070f600000| Untracked 
| 114|0x000000070f800000, 0x000000070f800000, 0x000000070fa00000|  0%| F|  |TAMS 0x000000070f800000, 0x000000070f800000| Untracked 
| 115|0x000000070fa00000, 0x000000070fa00000, 0x000000070fc00000|  0%| F|  |TAMS 0x000000070fa00000, 0x000000070fa00000| Untracked 
| 116|0x000000070fc00000, 0x000000070fc00000, 0x000000070fe00000|  0%| F|  |TAMS 0x000000070fc00000, 0x000000070fc00000| Untracked 
| 117|0x000000070fe00000, 0x000000070fe00000, 0x0000000710000000|  0%| F|  |TAMS 0x000000070fe00000, 0x000000070fe00000| Untracked 
| 118|0x0000000710000000, 0x0000000710000000, 0x0000000710200000|  0%| F|  |TAMS 0x0000000710000000, 0x0000000710000000| Untracked 
| 119|0x0000000710200000, 0x0000000710200000, 0x0000000710400000|  0%| F|  |TAMS 0x0000000710200000, 0x0000000710200000| Untracked 
| 120|0x0000000710400000, 0x0000000710400000, 0x0000000710600000|  0%| F|  |TAMS 0x0000000710400000, 0x0000000710400000| Untracked 
| 121|0x0000000710600000, 0x0000000710600000, 0x0000000710800000|  0%| F|  |TAMS 0x0000000710600000, 0x0000000710600000| Untracked 
| 122|0x0000000710800000, 0x0000000710800000, 0x0000000710a00000|  0%| F|  |TAMS 0x0000000710800000, 0x0000000710800000| Untracked 
| 123|0x0000000710a00000, 0x0000000710a00000, 0x0000000710c00000|  0%| F|  |TAMS 0x0000000710a00000, 0x0000000710a00000| Untracked 
| 124|0x0000000710c00000, 0x0000000710c00000, 0x0000000710e00000|  0%| F|  |TAMS 0x0000000710c00000, 0x0000000710c00000| Untracked 
| 125|0x0000000710e00000, 0x0000000710e00000, 0x0000000711000000|  0%| F|  |TAMS 0x0000000710e00000, 0x0000000710e00000| Untracked 
| 126|0x0000000711000000, 0x0000000711000000, 0x0000000711200000|  0%| F|  |TAMS 0x0000000711000000, 0x0000000711000000| Untracked 
| 127|0x0000000711200000, 0x0000000711399c88, 0x0000000711400000| 80%| E|  |TAMS 0x0000000711200000, 0x0000000711200000| Complete 

Card table byte_map: [0x00000227b0d40000,0x00000227b1540000] _byte_map_base: 0x00000227ad536000

Marking Bits (Prev, Next): (CMBitMap*) 0x0000022799b5ee10, (CMBitMap*) 0x0000022799b5ee50
 Prev Bits: [0x00000227b1d40000, 0x00000227b5cf0000)
 Next Bits: [0x00000227b5cf0000, 0x00000227b9ca0000)

Polling page: 0x0000022797ab0000

Metaspace:

Usage:
  Non-class:    203.55 KB used.
      Class:     12.01 KB used.
       Both:    215.56 KB used.

Virtual space:
  Non-class space:       64.00 MB reserved,     256.00 KB ( <1%) committed,  1 nodes.
      Class space:        1.00 GB reserved,     128.00 KB ( <1%) committed,  1 nodes.
             Both:        1.06 GB reserved,     384.00 KB ( <1%) committed. 

Chunk freelists:
   Non-Class:  3.98 MB
       Class:  3.73 MB
        Both:  7.71 MB

MaxMetaspaceSize: unlimited
CompressedClassSpaceSize: 1.00 GB
Initial GC threshold: 21.00 MB
Current GC threshold: 21.00 MB
CDS: on
MetaspaceReclaimPolicy: balanced
 - commit_granule_bytes: 65536.
 - commit_granule_words: 8192.
 - virtual_space_node_default_size: 8388608.
 - enlarge_chunks_in_place: 1.
 - new_chunks_are_fully_committed: 0.
 - uncommit_free_chunks: 1.
 - use_allocation_guard: 0.


Internal statistics:

num_allocs_failed_limit: 0.
num_arena_births: 8.
num_arena_deaths: 0.
num_vsnodes_births: 2.
num_vsnodes_deaths: 0.
num_space_committed: 6.
num_space_uncommitted: 0.
num_chunks_returned_to_freelist: 0.
num_chunks_taken_from_freelist: 14.
num_chunk_merges: 0.
num_chunk_splits: 7.
num_chunks_enlarged: 4.
num_inconsistent_stats: 0.

CodeHeap 'non-profiled nmethods': size=120000Kb used=23Kb max_used=23Kb free=119976Kb
 bounds [0x00000227a8f00000, 0x00000227a9170000, 0x00000227b0430000]
CodeHeap 'profiled nmethods': size=120000Kb used=87Kb max_used=87Kb free=119913Kb
 bounds [0x00000227a19d0000, 0x00000227a1c40000, 0x00000227a8f00000]
CodeHeap 'non-nmethods': size=5760Kb used=1085Kb max_used=1086Kb free=4674Kb
 bounds [0x00000227a1430000, 0x00000227a16a0000, 0x00000227a19d0000]
 total_blobs=424 nmethods=81 adapters=256
 compilation: enabled
              stopped_count=0, restarted_count=0
 full_count=0

Compilation events (20 events):
Event: 0.042 Thread 0x00000227bc4862f0   61       3       java.lang.String::<init> (15 bytes)
Event: 0.042 Thread 0x00000227bc4862f0 nmethod 61 0x00000227a19e3290 code [0x00000227a19e3420, 0x00000227a19e35f8]
Event: 0.043 Thread 0x00000227bc4793f0   62       4       java.lang.StringLatin1::hashCode (42 bytes)
Event: 0.043 Thread 0x00000227bc4862f0   64       1       java.lang.module.ModuleDescriptor::isOpen (5 bytes)
Event: 0.044 Thread 0x00000227bc4862f0 nmethod 64 0x00000227a8f03190 code [0x00000227a8f03320, 0x00000227a8f033f8]
Event: 0.046 Thread 0x00000227bc4793f0 nmethod 62 0x00000227a8f03a90 code [0x00000227a8f03c00, 0x00000227a8f03d78]
Event: 0.047 Thread 0x00000227bc4862f0   70       1       java.lang.Enum::ordinal (5 bytes)
Event: 0.047 Thread 0x00000227bc4862f0 nmethod 70 0x00000227a8f04890 code [0x00000227a8f04a20, 0x00000227a8f04af8]
Event: 0.047 Thread 0x00000227bc4862f0   71       3       java.lang.StringBuilder::append (8 bytes)
Event: 0.047 Thread 0x00000227bc4862f0 nmethod 71 0x00000227a19e3690 code [0x00000227a19e3820, 0x00000227a19e3968]
Event: 0.047 Thread 0x00000227bc4862f0   72       3       java.lang.AbstractStringBuilder::append (45 bytes)
Event: 0.048 Thread 0x00000227bc4862f0 nmethod 72 0x00000227a19e3a10 code [0x00000227a19e3c20, 0x00000227a19e4158]
Event: 0.048 Thread 0x00000227bc4862f0   73       3       java.lang.AbstractStringBuilder::isLatin1 (19 bytes)
Event: 0.048 Thread 0x00000227bc4862f0 nmethod 73 0x00000227a19e4390 code [0x00000227a19e4520, 0x00000227a19e4698]
Event: 0.048 Thread 0x00000227bc4862f0   77       3       java.util.concurrent.ConcurrentHashMap::get (162 bytes)
Event: 0.049 Thread 0x00000227bc4862f0 nmethod 77 0x00000227a19e4710 code [0x00000227a19e4960, 0x00000227a19e5468]
Event: 0.049 Thread 0x00000227bc4862f0   79       3       java.util.ImmutableCollections$AbstractImmutableCollection::<init> (5 bytes)
Event: 0.049 Thread 0x00000227bc4862f0 nmethod 79 0x00000227a19e5790 code [0x00000227a19e5940, 0x00000227a19e5af8]
Event: 0.049 Thread 0x00000227bc4862f0   81       1       java.lang.invoke.MethodType::returnType (5 bytes)
Event: 0.049 Thread 0x00000227bc4862f0 nmethod 81 0x00000227a8f05a90 code [0x00000227a8f05c20, 0x00000227a8f05cf8]

GC Heap History (0 events):
No events

Deoptimization events (0 events):
No events

Classes loaded (4 events):
Event: 0.037 Loading class jdk/internal/loader/URLClassPath$FileLoader
Event: 0.037 Loading class jdk/internal/loader/URLClassPath$FileLoader done
Event: 0.038 Loading class jdk/internal/loader/URLClassPath$FileLoader$1
Event: 0.038 Loading class jdk/internal/loader/URLClassPath$FileLoader$1 done

Classes unloaded (0 events):
No events

Classes redefined (0 events):
No events

Internal exceptions (1 events):
Event: 0.045 Thread 0x0000022799af0730 Exception <a 'java/lang/NoSuchMethodError'{0x000000071130c1d0}: 'void java.lang.invoke.DirectMethodHandle$Holder.invokeStatic(java.lang.Object, java.lang.Object)'> (0x000000071130c1d0) 
thrown [s\open\src\hotspot\share\interpreter\linkResolver.cpp, line 759]

VM Operations (0 events):
No events

Events (15 events):
Event: 0.007 Loaded shared library C:\Program Files\Java\jdk-18.0.2\bin\java.dll
Event: 0.015 Loaded shared library C:\Program Files\Java\jdk-18.0.2\bin\jsvml.dll
Event: 0.015 Thread 0x0000022799af0730 Thread added: 0x0000022799af0730
Event: 0.017 Thread 0x00000227bc459480 Thread added: 0x00000227bc459480
Event: 0.017 Thread 0x00000227bc459e20 Thread added: 0x00000227bc459e20
Event: 0.026 Thread 0x00000227bc46f160 Thread added: 0x00000227bc46f160
Event: 0.026 Thread 0x00000227bc46fb00 Thread added: 0x00000227bc46fb00
Event: 0.026 Thread 0x00000227bc4704a0 Thread added: 0x00000227bc4704a0
Event: 0.026 Thread 0x00000227bc474fa0 Thread added: 0x00000227bc474fa0
Event: 0.026 Thread 0x00000227bc4793f0 Thread added: 0x00000227bc4793f0
Event: 0.026 Thread 0x00000227bc4862f0 Thread added: 0x00000227bc4862f0
Event: 0.026 Thread 0x00000227bc48a040 Thread added: 0x00000227bc48a040
Event: 0.036 Thread 0x00000227c08a71f0 Thread added: 0x00000227c08a71f0
Event: 0.038 Thread 0x00000227c08a7920 Thread added: 0x00000227c08a7920
Event: 0.043 Loaded shared library H:\Moona\cpp\Moona.dll


Dynamic libraries:
0x00007ff6c6c30000 - 0x00007ff6c6c40000 	C:\Program Files\Java\jdk-18.0.2\bin\javaw.exe
0x00007ffb96110000 - 0x00007ffb96308000 	C:\Windows\SYSTEM32\ntdll.dll
0x00007ffb953d0000 - 0x00007ffb9548f000 	C:\Windows\System32\KERNEL32.DLL
0x00007ffb93810000 - 0x00007ffb93ae2000 	C:\Windows\System32\KERNELBASE.dll
0x00007ffb93ed0000 - 0x00007ffb93fd0000 	C:\Windows\System32\ucrtbase.dll
0x00007ffb604e0000 - 0x00007ffb604f8000 	C:\Program Files\Java\jdk-18.0.2\bin\jli.dll
0x00007ffb61f00000 - 0x00007ffb61f1a000 	C:\Program Files\Java\jdk-18.0.2\bin\VCRUNTIME140.dll
0x00007ffb94170000 - 0x00007ffb9421e000 	C:\Windows\System32\ADVAPI32.dll
0x00007ffb95330000 - 0x00007ffb953ce000 	C:\Windows\System32\msvcrt.dll
0x00007ffb95e80000 - 0x00007ffb95f1c000 	C:\Windows\System32\sechost.dll
0x00007ffb95f20000 - 0x00007ffb96044000 	C:\Windows\System32\RPCRT4.dll
0x00007ffb943d0000 - 0x00007ffb94571000 	C:\Windows\System32\USER32.dll
0x00007ffb94060000 - 0x00007ffb94082000 	C:\Windows\System32\win32u.dll
0x00007ffb7a1c0000 - 0x00007ffb7a45a000 	C:\Windows\WinSxS\amd64_microsoft.windows.common-controls_6595b64144ccf1df_6.0.19041.1110_none_60b5254171f9507e\COMCTL32.dll
0x00007ffb95e30000 - 0x00007ffb95e5b000 	C:\Windows\System32\GDI32.dll
0x00007ffb93dc0000 - 0x00007ffb93ecf000 	C:\Windows\System32\gdi32full.dll
0x00007ffb940c0000 - 0x00007ffb9415d000 	C:\Windows\System32\msvcp_win.dll
0x00007ffb8d770000 - 0x00007ffb8d77a000 	C:\Windows\SYSTEM32\VERSION.dll
0x00007ffb94800000 - 0x00007ffb94830000 	C:\Windows\System32\IMM32.DLL
0x00007ffb8f080000 - 0x00007ffb8f08c000 	C:\Program Files\Java\jdk-18.0.2\bin\vcruntime140_1.dll
0x00007ffb56240000 - 0x00007ffb562cd000 	C:\Program Files\Java\jdk-18.0.2\bin\msvcp140.dll
0x00007ffb10030000 - 0x00007ffb10c41000 	C:\Program Files\Java\jdk-18.0.2\bin\server\jvm.dll
0x00007ffb94160000 - 0x00007ffb94168000 	C:\Windows\System32\PSAPI.DLL
0x00007ffb8e380000 - 0x00007ffb8e3a7000 	C:\Windows\SYSTEM32\WINMM.dll
0x00007ffb77c30000 - 0x00007ffb77c39000 	C:\Windows\SYSTEM32\WSOCK32.dll
0x00007ffb94b70000 - 0x00007ffb94bdb000 	C:\Windows\System32\WS2_32.dll
0x00007ffb92080000 - 0x00007ffb92092000 	C:\Windows\SYSTEM32\kernel.appcore.dll
0x00007ffb8bac0000 - 0x00007ffb8baca000 	C:\Program Files\Java\jdk-18.0.2\bin\jimage.dll
0x00007ffb91550000 - 0x00007ffb91734000 	C:\Windows\SYSTEM32\DBGHELP.DLL
0x00007ffb763a0000 - 0x00007ffb763d5000 	C:\Windows\SYSTEM32\dbgcore.DLL
0x00007ffb93fd0000 - 0x00007ffb94052000 	C:\Windows\System32\bcryptPrimitives.dll
0x00007ffb5f250000 - 0x00007ffb5f275000 	C:\Program Files\Java\jdk-18.0.2\bin\java.dll
0x00007ffb56160000 - 0x00007ffb56236000 	C:\Program Files\Java\jdk-18.0.2\bin\jsvml.dll
0x00007ffb94be0000 - 0x00007ffb95325000 	C:\Windows\System32\SHELL32.dll
0x00007ffb918d0000 - 0x00007ffb92062000 	C:\Windows\SYSTEM32\windows.storage.dll
0x00007ffb95ad0000 - 0x00007ffb95e25000 	C:\Windows\System32\combase.dll
0x00007ffb93270000 - 0x00007ffb932a0000 	C:\Windows\SYSTEM32\Wldp.dll
0x00007ffb94830000 - 0x00007ffb948dd000 	C:\Windows\System32\SHCORE.dll
0x00007ffb946b0000 - 0x00007ffb94705000 	C:\Windows\System32\shlwapi.dll
0x00007ffb93750000 - 0x00007ffb9376f000 	C:\Windows\SYSTEM32\profapi.dll
0x00007ff736bd0000 - 0x00007ff736be5000 	H:\Moona\cpp\Moona.dll

dbghelp: loaded successfully - version: 4.0.5 - missing functions: none
symbol engine: initialized successfully - sym options: 0x614 - pdb path: .;C:\Program Files\Java\jdk-18.0.2\bin;C:\Windows\SYSTEM32;C:\Windows\WinSxS\amd64_microsoft.windows.common-controls_6595b64144ccf1df_6.0.19041.1110_none_60b5254171f9507e;C:\Program Files\Java\jdk-18.0.2\bin\server;H:\Moona\cpp

VM Arguments:
jvm_args: -Djava.library.path=H:\Moona\cpp -Dfile.encoding=UTF-8 -XX:+ShowCodeDetailsInExceptionMessages 
java_command: test.Test
java_class_path (initial): H:\Moona\java\bin
Launcher Type: SUN_STANDARD

[Global flags]
     intx CICompilerCount                          = 3                                         {product} {ergonomic}
     uint ConcGCThreads                            = 2                                         {product} {ergonomic}
     uint G1ConcRefinementThreads                  = 6                                         {product} {ergonomic}
   size_t G1HeapRegionSize                         = 2097152                                   {product} {ergonomic}
    uintx GCDrainStackTargetSize                   = 64                                        {product} {ergonomic}
   size_t InitialHeapSize                          = 268435456                                 {product} {ergonomic}
   size_t MarkStackSize                            = 4194304                                   {product} {ergonomic}
   size_t MaxHeapSize                              = 4273995776                                {product} {ergonomic}
   size_t MaxNewSize                               = 2562719744                                {product} {ergonomic}
   size_t MinHeapDeltaBytes                        = 2097152                                   {product} {ergonomic}
   size_t MinHeapSize                              = 8388608                                   {product} {ergonomic}
    uintx NonNMethodCodeHeapSize                   = 5832780                                {pd product} {ergonomic}
    uintx NonProfiledCodeHeapSize                  = 122912730                              {pd product} {ergonomic}
    uintx ProfiledCodeHeapSize                     = 122912730                              {pd product} {ergonomic}
    uintx ReservedCodeCacheSize                    = 251658240                              {pd product} {ergonomic}
     bool SegmentedCodeCache                       = true                                      {product} {ergonomic}
     bool ShowCodeDetailsInExceptionMessages       = true                                   {manageable} {command line}
   size_t SoftMaxHeapSize                          = 4273995776                             {manageable} {ergonomic}
     bool UseCompressedClassPointers               = true                           {product lp64_product} {ergonomic}
     bool UseCompressedOops                        = true                           {product lp64_product} {ergonomic}
     bool UseG1GC                                  = true                                      {product} {ergonomic}
     bool UseLargePagesIndividualAllocation        = false                                  {pd product} {ergonomic}

Logging:
Log output configuration:
 #0: stdout all=warning uptime,level,tags foldmultilines=false
 #1: stderr all=off uptime,level,tags foldmultilines=false

Environment Variables:
JAVA_HOME=C:\Progra~1\Java\jdk-18.0.2\
PATH=C:/Program Files/Java/jdk-19.0.1/bin/server;C:/Program Files/Java/jdk-19.0.1/bin;C:\Program Files\Microsoft\jdk-11.0.12.7-hotspot\bin;C:\Program Files\Common Files\Oracle\Java\javapath;C:\Program Files (x86)\Common Files\Oracle\Java\javapath;C:\Windows\system32;C:\Windows;C:\Windows\System32\Wbem;C:\Windows\System32\WindowsPowerShell\v1.0\;C:\Windows\System32\OpenSSH\;C:\Program Files (x86)\Intel\Intel(R) Management Engine Components\DAL;C:\Program Files\Intel\Intel(R) Management Engine Components\DAL;C:\Program Files\Java\jre1.8.0_341\bin;C:\Program Files\mingw64\bin;C:\Program Files\Java\jdk-19.0.1\bin;C:\Program Files\Git\cmd;H:\WorkSpace\Compilers\kotlinc\bin;C:\Program Files\dotnet\;C:\Users\pelle\AppData\Local\Microsoft\WindowsApps;C:\Program Files\Java\jre1.8.0_341\bin;H:\WorkSpace\Compilers\mingw64\bin;C:\Users\pelle\AppData\Local\Programs\Microsoft VS Code\bin;C:\Program Files\Java\jdk-18.0.2\bin;C:\Users\pelle\AppData\Local\GitHubDesktop\bin;D:\Microsoft VS Code\bin;C:\Users\pelle\.dotnet\tools;C:\Users\pelle\Desktop;
USERNAME=pelle
OS=Windows_NT
PROCESSOR_IDENTIFIER=Intel64 Family 6 Model 158 Stepping 10, GenuineIntel



---------------  S Y S T E M  ---------------

OS:
 Windows 10 , 64 bit Build 19041 (10.0.19041.2546)
OS uptime: 0 days 0:04 hours

CPU: total 6 (initial active 6) (6 cores per cpu, 1 threads per core) family 6 model 158 stepping 10 microcode 0xb4, cx8, cmov, fxsr, mmx, 3dnowpref, sse, sse2, sse3, ssse3, sse4.1, sse4.2, popcnt, lzcnt, tsc, tscinvbit, avx, avx2, aes, erms, clmul, bmi1, bmi2, adx, fma, vzeroupper, clflush, clflushopt

Memory: 4k page, system-wide physical 16301M (7277M free)
TotalPageFile size 32173M (AvailPageFile size 18267M)
current process WorkingSet (physical memory assigned to process): 28M, peak: 28M
current process commit charge ("private bytes"): 338M, peak: 338M

vm_info: Java HotSpot(TM) 64-Bit Server VM (18.0.2+9-61) for windows-amd64 JRE (18.0.2+9-61), built on Jun  7 2022 13:09:01 by "mach5one" with MS VC++ 16.8 / 16.9 (VS2019)

END.
